[     927ms] [ERROR] Failed to load resource: the server responded with a status of 500 (Internal Server Error) @ http://localhost:3001/login:0
[    1169ms] ReferenceError: NextResponse is not defined
    at middleware (file:///Users/prueba/Downloads/MaatWork/apps/studio/.next/dev/server/edge/chunks/[root-of-the-server]__f6cee5d6._.js:140:9)
    at <unknown> (file:///Users/prueba/Downloads/MaatWork/apps/studio/.next/dev/server/edge/chunks/94473_next_dist_2129e980._.js:13115:26)
    at AsyncLocalStorage.run (node:internal/async_local_storage/async_hooks:91:14)
    at <unknown> (file:///Users/prueba/Downloads/MaatWork/apps/studio/.next/dev/server/edge/chunks/94473_next_dist_2129e980._.js:7316:1027)
    at AsyncLocalStorage.run (node:internal/async_local_storage/async_hooks:91:14)
    at <unknown> (file:///Users/prueba/Downloads/MaatWork/apps/studio/.next/dev/server/edge/chunks/94473_next_dist_2129e980._.js:7316:511)
    at async adapter (file:///Users/prueba/Downloads/MaatWork/apps/studio/.next/dev/server/edge/chunks/94473_next_dist_2129e980._.js:7271:16)
    at async (file:///Users/prueba/Downloads/MaatWork/node_modules/.pnpm/next@16.1.6_@babel+core@7.29.0_react-dom@19.2.4_react@19.2.4__react@19.2.4/node_modules/next/dist/server/web/sandbox/sandbox.js:112:26)
    at async runWithTaggedErrors (file:///Users/prueba/Downloads/MaatWork/node_modules/.pnpm/next@16.1.6_@babel+core@7.29.0_react-dom@19.2.4_react@19.2.4__react@19.2.4/node_modules/next/dist/server/web/sandbox/sandbox.js:109:9)
    at async DevServer.runMiddleware (file:///Users/prueba/Downloads/MaatWork/node_modules/.pnpm/next@16.1.6_@babel+core@7.29.0_react-dom@19.2.4_react@19.2.4__react@19.2.4/node_modules/next/dist/server/next-server.js:1247:22)
[    1216ms] [ERROR] Failed to load resource: the server responded with a status of 404 (Not Found) @ http://localhost:3001/favicon.ico:0
[    8767ms] [ERROR] ./Downloads/MaatWork/apps/studio/app/login/page.tsx:3:1
Module not found: Can't resolve 'next-auth/react'
  1 | "use client";
  2 |
> 3 | import { signIn } from "next-auth/react";
    | ^^^^^^^^^^^^^^^^^^^^^^^^^^^^^^^^^^^^^^^^^
  4 | import { useState } from "react";
  5 | import { Button } from "@maatwork/ui";
  6 | import { Input } from "@maatwork/ui";

Import traces:
  Client Component Browser:
    ./Downloads/MaatWork/apps/studio/app/login/page.tsx [Client Component Browser]
    ./Downloads/MaatWork/apps/studio/app/login/page.tsx [Server Component]

  Client Component SSR:
    ./Downloads/MaatWork/apps/studio/app/login/page.tsx [Client Component SSR]
    ./Downloads/MaatWork/apps/studio/app/login/page.tsx [Server Component]

https://nextjs.org/docs/messages/module-not-found @ http://localhost:3001/_next/static/chunks/94473_next_dist_663ae2c4._.js:1920
[    8822ms] [ERROR] ./Downloads/MaatWork/apps/studio/app/login/page.tsx:3:1
Module not found: Can't resolve 'next-auth/react'
  1 | "use client";
  2 |
> 3 | import { signIn } from "next-auth/react";
    | ^^^^^^^^^^^^^^^^^^^^^^^^^^^^^^^^^^^^^^^^^
  4 | import { useState } from "react";
  5 | import { Button } from "@maatwork/ui";
  6 | import { Input } from "@maatwork/ui";

Import traces:
  Client Component Browser:
    ./Downloads/MaatWork/apps/studio/app/login/page.tsx [Client Component Browser]
    ./Downloads/MaatWork/apps/studio/app/login/page.tsx [Server Component]

  Client Component SSR:
    ./Downloads/MaatWork/apps/studio/app/login/page.tsx [Client Component SSR]
    ./Downloads/MaatWork/apps/studio/app/login/page.tsx [Server Component]

https://nextjs.org/docs/messages/module-not-found @ http://localhost:3001/_next/static/chunks/94473_next_dist_663ae2c4._.js:1920
[    8839ms] [ERROR] Failed to load resource: the server responded with a status of 500 (Internal Server Error) @ http://localhost:3001/login:0
[    8963ms] Error: ./Downloads/MaatWork/apps/studio/app/login/page.tsx:3:1
Module not found: Can't resolve 'next-auth/react'
  1 | "use client";
  2 |
> 3 | import { signIn } from "next-auth/react";
    | ^^^^^^^^^^^^^^^^^^^^^^^^^^^^^^^^^^^^^^^^^
  4 | import { useState } from "react";
  5 | import { Button } from "@maatwork/ui";
  6 | import { Input } from "@maatwork/ui";



Import traces:
  Client Component Browser:
    ./Downloads/MaatWork/apps/studio/app/login/page.tsx [Client Component Browser]
    ./Downloads/MaatWork/apps/studio/app/login/page.tsx [Server Component]

  Client Component SSR:
    ./Downloads/MaatWork/apps/studio/app/login/page.tsx [Client Component SSR]
    ./Downloads/MaatWork/apps/studio/app/login/page.tsx [Server Component]

https://nextjs.org/docs/messages/module-not-found


    at <unknown> (Error: ./Downloads/MaatWork/apps/studio/app/login/page.tsx:3:1)
    at <unknown> (https://nextjs.org/docs/messages/module-not-found)
    at Object.getCompilationErrors (file:///Users/prueba/Downloads/MaatWork/node_modules/.pnpm/next@16.1.6_@babel+core@7.29.0_react-dom@19.2.4_react@19.2.4__react@19.2.4/node_modules/next/dist/server/dev/hot-reloader-turbopack.js:1008:59)
    at DevBundlerService.getCompilationError (file:///Users/prueba/Downloads/MaatWork/node_modules/.pnpm/next@16.1.6_@babel+core@7.29.0_react-dom@19.2.4_react@19.2.4__react@19.2.4/node_modules/next/dist/server/lib/dev-bundler-service.js:44:55)
    at DevServer.getCompilationError (file:///Users/prueba/Downloads/MaatWork/node_modules/.pnpm/next@16.1.6_@babel+core@7.29.0_react-dom@19.2.4_react@19.2.4__react@19.2.4/node_modules/next/dist/server/dev/next-dev-server.js:706:42)
    at DevServer.findPageComponents (file:///Users/prueba/Downloads/MaatWork/node_modules/.pnpm/next@16.1.6_@babel+core@7.29.0_react-dom@19.2.4_react@19.2.4__react@19.2.4/node_modules/next/dist/server/dev/next-dev-server.js:676:43)
    at async DevServer.renderErrorToResponseImpl (file:///Users/prueba/Downloads/MaatWork/node_modules/.pnpm/next@16.1.6_@babel+core@7.29.0_react-dom@19.2.4_react@19.2.4__react@19.2.4/node_modules/next/dist/server/base-server.js:1733:26)
[    9007ms] [ERROR] ./Downloads/MaatWork/apps/studio/app/login/page.tsx:3:1
Module not found: Can't resolve 'next-auth/react'
  1 | "use client";
  2 |
> 3 | import { signIn } from "next-auth/react";
    | ^^^^^^^^^^^^^^^^^^^^^^^^^^^^^^^^^^^^^^^^^
  4 | import { useState } from "react";
  5 | import { Button } from "@maatwork/ui";
  6 | import { Input } from "@maatwork/ui";

Import traces:
  Client Component Browser:
    ./Downloads/MaatWork/apps/studio/app/login/page.tsx [Client Component Browser]
    ./Downloads/MaatWork/apps/studio/app/login/page.tsx [Server Component]

  Client Component SSR:
    ./Downloads/MaatWork/apps/studio/app/login/page.tsx [Client Component SSR]
    ./Downloads/MaatWork/apps/studio/app/login/page.tsx [Server Component]

https://nextjs.org/docs/messages/module-not-found @ http://localhost:3001/_next/static/chunks/94473_next_dist_663ae2c4._.js:1920
[    9012ms] [ERROR] ./Downloads/MaatWork/apps/studio/app/login/page.tsx:3:1
Module not found: Can't resolve 'next-auth/react'
  1 | "use client";
  2 |
> 3 | import { signIn } from "next-auth/react";
    | ^^^^^^^^^^^^^^^^^^^^^^^^^^^^^^^^^^^^^^^^^
  4 | import { useState } from "react";
  5 | import { Button } from "@maatwork/ui";
  6 | import { Input } from "@maatwork/ui";

Import traces:
  Client Component Browser:
    ./Downloads/MaatWork/apps/studio/app/login/page.tsx [Client Component Browser]
    ./Downloads/MaatWork/apps/studio/app/login/page.tsx [Server Component]

  Client Component SSR:
    ./Downloads/MaatWork/apps/studio/app/login/page.tsx [Client Component SSR]
    ./Downloads/MaatWork/apps/studio/app/login/page.tsx [Server Component]

https://nextjs.org/docs/messages/module-not-found @ http://localhost:3001/_next/static/chunks/94473_next_dist_663ae2c4._.js:1920
[   13466ms] [ERROR] WebSocket connection to 'ws://localhost:3001/_next/webpack-hmr' failed: Error in connection establishment: net::ERR_CONNECTION_REFUSED @ http://localhost:3001/_next/static/chunks/94473_next_dist_client_b20aaed7._.js:2266
[   15024ms] [ERROR] Failed to load resource: the server responded with a status of 500 (Internal Server Error) @ http://localhost:3001/login:0
[   15167ms] Error: ./Downloads/MaatWork/apps/studio/app/login/page.tsx:3:1
Module not found: Can't resolve 'next-auth/react'
  1 | "use client";
  2 |
> 3 | import { signIn } from "next-auth/react";
    | ^^^^^^^^^^^^^^^^^^^^^^^^^^^^^^^^^^^^^^^^^
  4 | import { useState } from "react";
  5 | import { Button } from "@maatwork/ui";
  6 | import { Input } from "@maatwork/ui";



Import traces:
  Client Component Browser:
    ./Downloads/MaatWork/apps/studio/app/login/page.tsx [Client Component Browser]
    ./Downloads/MaatWork/apps/studio/app/login/page.tsx [Server Component]

  Client Component SSR:
    ./Downloads/MaatWork/apps/studio/app/login/page.tsx [Client Component SSR]
    ./Downloads/MaatWork/apps/studio/app/login/page.tsx [Server Component]

https://nextjs.org/docs/messages/module-not-found


    at <unknown> (Error: ./Downloads/MaatWork/apps/studio/app/login/page.tsx:3:1)
    at <unknown> (https://nextjs.org/docs/messages/module-not-found)
    at Object.getCompilationErrors (file:///Users/prueba/Downloads/MaatWork/node_modules/.pnpm/next@16.1.6_@babel+core@7.29.0_react-dom@19.2.4_react@19.2.4__react@19.2.4/node_modules/next/dist/server/dev/hot-reloader-turbopack.js:1008:59)
    at DevBundlerService.getCompilationError (file:///Users/prueba/Downloads/MaatWork/node_modules/.pnpm/next@16.1.6_@babel+core@7.29.0_react-dom@19.2.4_react@19.2.4__react@19.2.4/node_modules/next/dist/server/lib/dev-bundler-service.js:44:55)
    at DevServer.getCompilationError (file:///Users/prueba/Downloads/MaatWork/node_modules/.pnpm/next@16.1.6_@babel+core@7.29.0_react-dom@19.2.4_react@19.2.4__react@19.2.4/node_modules/next/dist/server/dev/next-dev-server.js:706:42)
    at DevServer.findPageComponents (file:///Users/prueba/Downloads/MaatWork/node_modules/.pnpm/next@16.1.6_@babel+core@7.29.0_react-dom@19.2.4_react@19.2.4__react@19.2.4/node_modules/next/dist/server/dev/next-dev-server.js:676:43)
    at async DevServer.renderErrorToResponseImpl (file:///Users/prueba/Downloads/MaatWork/node_modules/.pnpm/next@16.1.6_@babel+core@7.29.0_react-dom@19.2.4_react@19.2.4__react@19.2.4/node_modules/next/dist/server/base-server.js:1733:26)
[   15224ms] [ERROR] ./Downloads/MaatWork/apps/studio/app/login/page.tsx:3:1
Module not found: Can't resolve 'next-auth/react'
  1 | "use client";
  2 |
> 3 | import { signIn } from "next-auth/react";
    | ^^^^^^^^^^^^^^^^^^^^^^^^^^^^^^^^^^^^^^^^^
  4 | import { useState } from "react";
  5 | import { Button } from "@maatwork/ui";
  6 | import { Input } from "@maatwork/ui";

Import traces:
  Client Component Browser:
    ./Downloads/MaatWork/apps/studio/app/login/page.tsx [Client Component Browser]
    ./Downloads/MaatWork/apps/studio/app/login/page.tsx [Server Component]

  Client Component SSR:
    ./Downloads/MaatWork/apps/studio/app/login/page.tsx [Client Component SSR]
    ./Downloads/MaatWork/apps/studio/app/login/page.tsx [Server Component]

https://nextjs.org/docs/messages/module-not-found @ http://localhost:3001/_next/static/chunks/94473_next_dist_663ae2c4._.js:1920
[   15234ms] [ERROR] ./Downloads/MaatWork/apps/studio/app/login/page.tsx:3:1
Module not found: Can't resolve 'next-auth/react'
  1 | "use client";
  2 |
> 3 | import { signIn } from "next-auth/react";
    | ^^^^^^^^^^^^^^^^^^^^^^^^^^^^^^^^^^^^^^^^^
  4 | import { useState } from "react";
  5 | import { Button } from "@maatwork/ui";
  6 | import { Input } from "@maatwork/ui";

Import traces:
  Client Component Browser:
    ./Downloads/MaatWork/apps/studio/app/login/page.tsx [Client Component Browser]
    ./Downloads/MaatWork/apps/studio/app/login/page.tsx [Server Component]

  Client Component SSR:
    ./Downloads/MaatWork/apps/studio/app/login/page.tsx [Client Component SSR]
    ./Downloads/MaatWork/apps/studio/app/login/page.tsx [Server Component]

https://nextjs.org/docs/messages/module-not-found @ http://localhost:3001/_next/static/chunks/94473_next_dist_663ae2c4._.js:1920
[   17446ms] [ERROR] ./Downloads/MaatWork/apps/studio/app/login/page.tsx:3:1
Module not found: Can't resolve 'next-auth/react'
  1 | "use client";
  2 |
> 3 | import { signIn } from "next-auth/react";
    | ^^^^^^^^^^^^^^^^^^^^^^^^^^^^^^^^^^^^^^^^^
  4 | import { useState } from "react";
  5 | import { Button } from "@maatwork/ui";
  6 | import { Input } from "@maatwork/ui";

Import traces:
  Client Component Browser:
    ./Downloads/MaatWork/apps/studio/app/login/page.tsx [Client Component Browser]
    ./Downloads/MaatWork/apps/studio/app/login/page.tsx [Server Component]

  Client Component SSR:
    ./Downloads/MaatWork/apps/studio/app/login/page.tsx [Client Component SSR]
    ./Downloads/MaatWork/apps/studio/app/login/page.tsx [Server Component]

https://nextjs.org/docs/messages/module-not-found @ http://localhost:3001/_next/static/chunks/94473_next_dist_663ae2c4._.js:1920
[   17513ms] [ERROR] ./Downloads/MaatWork/apps/studio/app/login/page.tsx:3:1
Module not found: Can't resolve 'next-auth/react'
  1 | "use client";
  2 |
> 3 | import { signIn } from "next-auth/react";
    | ^^^^^^^^^^^^^^^^^^^^^^^^^^^^^^^^^^^^^^^^^
  4 | import { useState } from "react";
  5 | import { Button } from "@maatwork/ui";
  6 | import { Input } from "@maatwork/ui";

Import traces:
  Client Component Browser:
    ./Downloads/MaatWork/apps/studio/app/login/page.tsx [Client Component Browser]
    ./Downloads/MaatWork/apps/studio/app/login/page.tsx [Server Component]

  Client Component SSR:
    ./Downloads/MaatWork/apps/studio/app/login/page.tsx [Client Component SSR]
    ./Downloads/MaatWork/apps/studio/app/login/page.tsx [Server Component]

https://nextjs.org/docs/messages/module-not-found @ http://localhost:3001/_next/static/chunks/94473_next_dist_663ae2c4._.js:1920
[   23640ms] [ERROR] ./Downloads/MaatWork/apps/studio/app/login/page.tsx:3:1
Module not found: Can't resolve 'next-auth/react'
  1 | "use client";
  2 |
> 3 | import { signIn } from "next-auth/react";
    | ^^^^^^^^^^^^^^^^^^^^^^^^^^^^^^^^^^^^^^^^^
  4 | import { useState } from "react";
  5 | import { Button } from "@maatwork/ui";
  6 | import { Input } from "@maatwork/ui";

Import traces:
  Client Component Browser:
    ./Downloads/MaatWork/apps/studio/app/login/page.tsx [Client Component Browser]
    ./Downloads/MaatWork/apps/studio/app/login/page.tsx [Server Component]

  Client Component SSR:
    ./Downloads/MaatWork/apps/studio/app/login/page.tsx [Client Component SSR]
    ./Downloads/MaatWork/apps/studio/app/login/page.tsx [Server Component]

https://nextjs.org/docs/messages/module-not-found @ http://localhost:3001/_next/static/chunks/94473_next_dist_663ae2c4._.js:1920
[   25599ms] [ERROR] ./Downloads/MaatWork/apps/studio/app/login/page.tsx:3:1
Module not found: Can't resolve 'next-auth/react'
  1 | "use client";
  2 |
> 3 | import { signIn } from "next-auth/react";
    | ^^^^^^^^^^^^^^^^^^^^^^^^^^^^^^^^^^^^^^^^^
  4 | import { useState } from "react";
  5 | import { Button } from "@maatwork/ui";
  6 | import { Input } from "@maatwork/ui";

Import traces:
  Client Component Browser:
    ./Downloads/MaatWork/apps/studio/app/login/page.tsx [Client Component Browser]
    ./Downloads/MaatWork/apps/studio/app/login/page.tsx [Server Component]

  Client Component SSR:
    ./Downloads/MaatWork/apps/studio/app/login/page.tsx [Client Component SSR]
    ./Downloads/MaatWork/apps/studio/app/login/page.tsx [Server Component]

https://nextjs.org/docs/messages/module-not-found @ http://localhost:3001/_next/static/chunks/94473_next_dist_663ae2c4._.js:1920
[   25713ms] [ERROR] ./Downloads/MaatWork/apps/studio/app/login/page.tsx:3:1
Module not found: Can't resolve 'next-auth/react'
  1 | "use client";
  2 |
> 3 | import { signIn } from "next-auth/react";
    | ^^^^^^^^^^^^^^^^^^^^^^^^^^^^^^^^^^^^^^^^^
  4 | import { useState } from "react";
  5 | import { Button } from "@maatwork/ui";
  6 | import { Input } from "@maatwork/ui";

Import traces:
  Client Component Browser:
    ./Downloads/MaatWork/apps/studio/app/login/page.tsx [Client Component Browser]
    ./Downloads/MaatWork/apps/studio/app/login/page.tsx [Server Component]

  Client Component SSR:
    ./Downloads/MaatWork/apps/studio/app/login/page.tsx [Client Component SSR]
    ./Downloads/MaatWork/apps/studio/app/login/page.tsx [Server Component]

https://nextjs.org/docs/messages/module-not-found @ http://localhost:3001/_next/static/chunks/94473_next_dist_663ae2c4._.js:1920
[   26285ms] [ERROR] ./Downloads/MaatWork/apps/studio/app/login/page.tsx:3:1
Module not found: Can't resolve 'next-auth/react'
  1 | "use client";
  2 |
> 3 | import { signIn } from "next-auth/react";
    | ^^^^^^^^^^^^^^^^^^^^^^^^^^^^^^^^^^^^^^^^^
  4 | import { useState } from "react";
  5 | import { Button } from "@maatwork/ui";
  6 | import { Input } from "@maatwork/ui";

Import traces:
  Client Component Browser:
    ./Downloads/MaatWork/apps/studio/app/login/page.tsx [Client Component Browser]
    ./Downloads/MaatWork/apps/studio/app/login/page.tsx [Server Component]

  Client Component SSR:
    ./Downloads/MaatWork/apps/studio/app/login/page.tsx [Client Component SSR]
    ./Downloads/MaatWork/apps/studio/app/login/page.tsx [Server Component]

https://nextjs.org/docs/messages/module-not-found @ http://localhost:3001/_next/static/chunks/94473_next_dist_663ae2c4._.js:1920
[   27927ms] [ERROR] Failed to load resource: the server responded with a status of 500 (Internal Server Error) @ http://localhost:3001/login:0
[   28203ms] NeonDbError: relation "tenants" does not exist
    at  NeonHttpPreparedQuery.execute (about://React/Server/file:///Users/prueba/Downloads/MaatWork/apps/studio/.next/dev/server/chunks/ssr/3ae62__pnpm_26fecff4._.js?10:10943:24)
    at  RootLayout (about://React/Server/file:///Users/prueba/Downloads/MaatWork/apps/studio/.next/dev/server/chunks/ssr/%5Broot-of-the-server%5D__0144d927._.js?11:257:24)
    at resolveErrorDev (http://localhost:3001/_next/static/chunks/94473_next_dist_compiled_react-server-dom-turbopack_8791dc96._.js:1894:148)
    at processFullStringRow (http://localhost:3001/_next/static/chunks/94473_next_dist_compiled_react-server-dom-turbopack_8791dc96._.js:2402:29)
    at processFullBinaryRow (http://localhost:3001/_next/static/chunks/94473_next_dist_compiled_react-server-dom-turbopack_8791dc96._.js:2361:9)
    at processBinaryChunk (http://localhost:3001/_next/static/chunks/94473_next_dist_compiled_react-server-dom-turbopack_8791dc96._.js:2470:221)
    at progress (http://localhost:3001/_next/static/chunks/94473_next_dist_compiled_react-server-dom-turbopack_8791dc96._.js:2640:13)
[   31288ms] [WARNING] The resource http://localhost:3001/_next/static/chunks/Downloads_MaatWork_apps_studio_app_globals_520f2214.css was preloaded using link preload but not used within a few seconds from the window's load event. Please make sure it has an appropriate `as` value and it is preloaded intentionally. @ http://localhost:3001/login:0
[   37938ms] [WARNING] %c%s%c Could not fetch tenants, database might not be initialized: background: #e6e6e6;background: light-dark(rgba(0,0,0,0.1), rgba(255,255,255,0.25));color: #000000;color: light-dark(#000000, #ffffff);border-radius: 2px  Server   NeonDbError: relation "tenants" does not exist
    at NeonHttpPreparedQuery.execute (about://React/Server/file:///Users/prueba/Downloads/MaatWork/apps/studio/.next/dev/server/chunks/ssr/3ae62__pnpm_26fecff4._.js?0:10943:24)
    at RootLayout (about://React/Server/file:///Users/prueba/Downloads/MaatWork/apps/studio/.next/dev/server/chunks/ssr/%5Broot-of-the-server%5D__0144d927._.js?1:259:22)
    at resolveErrorDev (http://localhost:3001/_next/static/chunks/94473_next_dist_compiled_react-server-dom-turbopack_8791dc96._.js:1894:106)
    at getOutlinedModel (http://localhost:3001/_next/static/chunks/94473_next_dist_compiled_react-server-dom-turbopack_8791dc96._.js:1447:28)
    at parseModelString (http://localhost:3001/_next/static/chunks/94473_next_dist_compiled_react-server-dom-turbopack_8791dc96._.js:1561:50)
    at Object.<anonymous> (http://localhost:3001/_next/static/chunks/94473_next_dist_compiled_react-server-dom-turbopack_8791dc96._.js:2486:55)
    at JSON.parse (<anonymous>)
    at initializeModelChunk (http://localhost:3001/_next/static/chunks/94473_next_dist_compiled_react-server-dom-turbopack_8791dc96._.js:1064:30)
    at getOutlinedModel (http://localhost:3001/_next/static/chunks/94473_next_dist_compiled_react-server-dom-turbopack_8791dc96._.js:1385:17)
    at parseModelString (http://localhost:3001/_next/static/chunks/94473_next_dist_compiled_react-server-dom-turbopack_8791dc96._.js:1615:50)
    at Array.<anonymous> (http://localhost:3001/_next/static/chunks/94473_next_dist_compiled_react-server-dom-turbopack_8791dc96._.js:2486:55)
    at JSON.parse (<anonymous>)
    at initializeModelChunk (http://localhost:3001/_next/static/chunks/94473_next_dist_compiled_react-server-dom-turbopack_8791dc96._.js:1064:30)
    at resolveConsoleEntry (http://localhost:3001/_next/static/chunks/94473_next_dist_compiled_react-server-dom-turbopack_8791dc96._.js:2020:96)
    at processFullStringRow (http://localhost:3001/_next/static/chunks/94473_next_dist_compiled_react-server-dom-turbopack_8791dc96._.js:2421:17)
    at processFullBinaryRow (http://localhost:3001/_next/static/chunks/94473_next_dist_compiled_react-server-dom-turbopack_8791dc96._.js:2361:9)
    at processBinaryChunk (http://localhost:3001/_next/static/chunks/94473_next_dist_compiled_react-server-dom-turbopack_8791dc96._.js:2470:221)
    at progress (http://localhost:3001/_next/static/chunks/94473_next_dist_compiled_react-server-dom-turbopack_8791dc96._.js:2640:13) @ http://localhost:3001/_next/static/chunks/94473_next_dist_5e9d9b1f._.js:2297
