[     432ms] [ERROR] ./Downloads/MaatWork/apps/studio/app/pipeline/components/activity-logger.tsx:5:1
Export Textarea doesn't exist in target module
  3 | import { useState } from "react";
  4 | import { Button } from "@maatwork/ui";
> 5 | import { Textarea } from "@maatwork/ui";
    | ^^^^^^^^^^^^^^^^^^^^^^^^^^^^^^^^^^^^^^^^
  6 | import { 
  7 |   Select, 
  8 |   SelectContent, 

The export Textarea was not found in module [project]/Downloads/MaatWork/packages/ui/src/index.ts [app-client] (ecmascript).
Did you mean to import TableHead?
All exports of the module are statically known (It doesn't have dynamic exports). So it's known statically that the requested export doesn't exist.

Import traces:
  Client Component Browser:
    ./Downloads/MaatWork/apps/studio/app/pipeline/components/activity-logger.tsx [Client Component Browser]
    ./Downloads/MaatWork/apps/studio/app/pipeline/components/lead-detail-sheet.tsx [Client Component Browser]
    ./Downloads/MaatWork/apps/studio/app/pipeline/components/kanban-board.tsx [Client Component Browser]
    ./Downloads/MaatWork/apps/studio/app/pipeline/components/kanban-board.tsx [Server Component]
    ./Downloads/MaatWork/apps/studio/app/pipeline/page.tsx [Server Component]

  Client Component SSR:
    ./Downloads/MaatWork/apps/studio/app/pipeline/components/activity-logger.tsx [Client Component SSR]
    ./Downloads/MaatWork/apps/studio/app/pipeline/components/lead-detail-sheet.tsx [Client Component SSR]
    ./Downloads/MaatWork/apps/studio/app/pipeline/components/kanban-board.tsx [Client Component SSR]
    ./Downloads/MaatWork/apps/studio/app/pipeline/components/kanban-board.tsx [Server Component]
    ./Downloads/MaatWork/apps/studio/app/pipeline/page.tsx [Server Component] @ http://localhost:3001/_next/static/chunks/94473_next_dist_663ae2c4._.js:1920
[     432ms] [ERROR] ./Downloads/MaatWork/apps/studio/app/pipeline/components/activity-logger.tsx:5:1
Export Textarea doesn't exist in target module
  3 | import { useState } from "react";
  4 | import { Button } from "@maatwork/ui";
> 5 | import { Textarea } from "@maatwork/ui";
    | ^^^^^^^^^^^^^^^^^^^^^^^^^^^^^^^^^^^^^^^^
  6 | import { 
  7 |   Select, 
  8 |   SelectContent, 

The export Textarea was not found in module [project]/Downloads/MaatWork/packages/ui/src/index.ts [app-ssr] (ecmascript).
Did you mean to import TableHead?
All exports of the module are statically known (It doesn't have dynamic exports). So it's known statically that the requested export doesn't exist.

Import traces:
  Client Component Browser:
    ./Downloads/MaatWork/apps/studio/app/pipeline/components/activity-logger.tsx [Client Component Browser]
    ./Downloads/MaatWork/apps/studio/app/pipeline/components/lead-detail-sheet.tsx [Client Component Browser]
    ./Downloads/MaatWork/apps/studio/app/pipeline/components/kanban-board.tsx [Client Component Browser]
    ./Downloads/MaatWork/apps/studio/app/pipeline/components/kanban-board.tsx [Server Component]
    ./Downloads/MaatWork/apps/studio/app/pipeline/page.tsx [Server Component]

  Client Component SSR:
    ./Downloads/MaatWork/apps/studio/app/pipeline/components/activity-logger.tsx [Client Component SSR]
    ./Downloads/MaatWork/apps/studio/app/pipeline/components/lead-detail-sheet.tsx [Client Component SSR]
    ./Downloads/MaatWork/apps/studio/app/pipeline/components/kanban-board.tsx [Client Component SSR]
    ./Downloads/MaatWork/apps/studio/app/pipeline/components/kanban-board.tsx [Server Component]
    ./Downloads/MaatWork/apps/studio/app/pipeline/page.tsx [Server Component] @ http://localhost:3001/_next/static/chunks/94473_next_dist_663ae2c4._.js:1920
[     433ms] [ERROR] ./Downloads/MaatWork/apps/studio/app/tenants/new/page.tsx:6:1
Export Checkbox doesn't exist in target module
  4 | import { zodResolver } from "@hookform/resolvers/zod";
  5 | import { z } from "zod";
> 6 | import { Button, Card, CardContent, CardDescription, CardHeader, CardTitle, Input, Label, Select, SelectContent,SelectItem, SelectTrigger, SelectValue, Checkbox } from "@maatwork/ui";
    | ^^^^^^^^^^^^^^^^^^^^^^^^^^^^^^^^^^^^^^^^^^^^^^^^^^^^^^^^^^^^^^^^^^^^^^^^^^^^^^^^^^^^^^^^^^^^^^^^^^^^^^^^^^^^^^^^^^^^^^^^^^^^^^^^^^^^^^^^^^^^^^^^^^^^^^^^^^^^^^^^^^^^^^^^^^^^^^^^^^^^^^^
  7 | import { useAction } from "next-safe-action/hooks";
  8 | import { createTenantAction } from "../actions";
  9 | import { toast } from "sonner";

The export Checkbox was not found in module [project]/Downloads/MaatWork/packages/ui/src/index.ts [app-client] (ecmascript).
Did you mean to import SheetClose?
All exports of the module are statically known (It doesn't have dynamic exports). So it's known statically that the requested export doesn't exist.

Import traces:
  Client Component Browser:
    ./Downloads/MaatWork/apps/studio/app/tenants/new/page.tsx [Client Component Browser]
    ./Downloads/MaatWork/apps/studio/app/tenants/new/page.tsx [Server Component]

  Client Component SSR:
    ./Downloads/MaatWork/apps/studio/app/tenants/new/page.tsx [Client Component SSR]
    ./Downloads/MaatWork/apps/studio/app/tenants/new/page.tsx [Server Component] @ http://localhost:3001/_next/static/chunks/94473_next_dist_663ae2c4._.js:1920
[     433ms] [ERROR] ./Downloads/MaatWork/apps/studio/app/tenants/new/page.tsx:6:1
Export Checkbox doesn't exist in target module
  4 | import { zodResolver } from "@hookform/resolvers/zod";
  5 | import { z } from "zod";
> 6 | import { Button, Card, CardContent, CardDescription, CardHeader, CardTitle, Input, Label, Select, SelectContent,SelectItem, SelectTrigger, SelectValue, Checkbox } from "@maatwork/ui";
    | ^^^^^^^^^^^^^^^^^^^^^^^^^^^^^^^^^^^^^^^^^^^^^^^^^^^^^^^^^^^^^^^^^^^^^^^^^^^^^^^^^^^^^^^^^^^^^^^^^^^^^^^^^^^^^^^^^^^^^^^^^^^^^^^^^^^^^^^^^^^^^^^^^^^^^^^^^^^^^^^^^^^^^^^^^^^^^^^^^^^^^^^
  7 | import { useAction } from "next-safe-action/hooks";
  8 | import { createTenantAction } from "../actions";
  9 | import { toast } from "sonner";

The export Checkbox was not found in module [project]/Downloads/MaatWork/packages/ui/src/index.ts [app-ssr] (ecmascript).
Did you mean to import SheetClose?
All exports of the module are statically known (It doesn't have dynamic exports). So it's known statically that the requested export doesn't exist.

Import traces:
  Client Component Browser:
    ./Downloads/MaatWork/apps/studio/app/tenants/new/page.tsx [Client Component Browser]
    ./Downloads/MaatWork/apps/studio/app/tenants/new/page.tsx [Server Component]

  Client Component SSR:
    ./Downloads/MaatWork/apps/studio/app/tenants/new/page.tsx [Client Component SSR]
    ./Downloads/MaatWork/apps/studio/app/tenants/new/page.tsx [Server Component] @ http://localhost:3001/_next/static/chunks/94473_next_dist_663ae2c4._.js:1920
[     463ms] [ERROR] Failed to load resource: the server responded with a status of 500 (Internal Server Error) @ http://localhost:3001/login:0
[     612ms] Error: ./Downloads/MaatWork/apps/studio/app/pipeline/components/activity-logger.tsx:5:1
Export Textarea doesn't exist in target module
  3 | import { useState } from "react";
  4 | import { Button } from "@maatwork/ui";
> 5 | import { Textarea } from "@maatwork/ui";
    | ^^^^^^^^^^^^^^^^^^^^^^^^^^^^^^^^^^^^^^^^
  6 | import { 
  7 |   Select, 
  8 |   SelectContent, 

The export Textarea was not found in module [project]/Downloads/MaatWork/packages/ui/src/index.ts [app-client] (ecmascript).
Did you mean to import TableHead?
All exports of the module are statically known (It doesn't have dynamic exports). So it's known statically that the requested export doesn't exist.

Import traces:
  Client Component Browser:
    ./Downloads/MaatWork/apps/studio/app/pipeline/components/activity-logger.tsx [Client Component Browser]
    ./Downloads/MaatWork/apps/studio/app/pipeline/components/lead-detail-sheet.tsx [Client Component Browser]
    ./Downloads/MaatWork/apps/studio/app/pipeline/components/kanban-board.tsx [Client Component Browser]
    ./Downloads/MaatWork/apps/studio/app/pipeline/components/kanban-board.tsx [Server Component]
    ./Downloads/MaatWork/apps/studio/app/pipeline/page.tsx [Server Component]

  Client Component SSR:
    ./Downloads/MaatWork/apps/studio/app/pipeline/components/activity-logger.tsx [Client Component SSR]
    ./Downloads/MaatWork/apps/studio/app/pipeline/components/lead-detail-sheet.tsx [Client Component SSR]
    ./Downloads/MaatWork/apps/studio/app/pipeline/components/kanban-board.tsx [Client Component SSR]
    ./Downloads/MaatWork/apps/studio/app/pipeline/components/kanban-board.tsx [Server Component]
    ./Downloads/MaatWork/apps/studio/app/pipeline/page.tsx [Server Component]


    at <unknown> (Error: ./Downloads/MaatWork/apps/studio/app/pipeline/components/activity-logger.tsx:5:1)
    at Object.getCompilationErrors (file:///Users/prueba/Downloads/MaatWork/node_modules/.pnpm/next@16.1.6_@babel+core@7.29.0_react-dom@19.2.4_react@19.2.4__react@19.2.4/node_modules/next/dist/server/dev/hot-reloader-turbopack.js:1008:59)
    at DevBundlerService.getCompilationError (file:///Users/prueba/Downloads/MaatWork/node_modules/.pnpm/next@16.1.6_@babel+core@7.29.0_react-dom@19.2.4_react@19.2.4__react@19.2.4/node_modules/next/dist/server/lib/dev-bundler-service.js:44:55)
    at DevServer.getCompilationError (file:///Users/prueba/Downloads/MaatWork/node_modules/.pnpm/next@16.1.6_@babel+core@7.29.0_react-dom@19.2.4_react@19.2.4__react@19.2.4/node_modules/next/dist/server/dev/next-dev-server.js:706:42)
    at DevServer.findPageComponents (file:///Users/prueba/Downloads/MaatWork/node_modules/.pnpm/next@16.1.6_@babel+core@7.29.0_react-dom@19.2.4_react@19.2.4__react@19.2.4/node_modules/next/dist/server/dev/next-dev-server.js:676:43)
    at async DevServer.renderErrorToResponseImpl (file:///Users/prueba/Downloads/MaatWork/node_modules/.pnpm/next@16.1.6_@babel+core@7.29.0_react-dom@19.2.4_react@19.2.4__react@19.2.4/node_modules/next/dist/server/base-server.js:1733:26)
[     634ms] [ERROR] ./Downloads/MaatWork/apps/studio/app/pipeline/components/activity-logger.tsx:5:1
Export Textarea doesn't exist in target module
  3 | import { useState } from "react";
  4 | import { Button } from "@maatwork/ui";
> 5 | import { Textarea } from "@maatwork/ui";
    | ^^^^^^^^^^^^^^^^^^^^^^^^^^^^^^^^^^^^^^^^
  6 | import { 
  7 |   Select, 
  8 |   SelectContent, 

The export Textarea was not found in module [project]/Downloads/MaatWork/packages/ui/src/index.ts [app-client] (ecmascript).
Did you mean to import TableHead?
All exports of the module are statically known (It doesn't have dynamic exports). So it's known statically that the requested export doesn't exist.

Import traces:
  Client Component Browser:
    ./Downloads/MaatWork/apps/studio/app/pipeline/components/activity-logger.tsx [Client Component Browser]
    ./Downloads/MaatWork/apps/studio/app/pipeline/components/lead-detail-sheet.tsx [Client Component Browser]
    ./Downloads/MaatWork/apps/studio/app/pipeline/components/kanban-board.tsx [Client Component Browser]
    ./Downloads/MaatWork/apps/studio/app/pipeline/components/kanban-board.tsx [Server Component]
    ./Downloads/MaatWork/apps/studio/app/pipeline/page.tsx [Server Component]

  Client Component SSR:
    ./Downloads/MaatWork/apps/studio/app/pipeline/components/activity-logger.tsx [Client Component SSR]
    ./Downloads/MaatWork/apps/studio/app/pipeline/components/lead-detail-sheet.tsx [Client Component SSR]
    ./Downloads/MaatWork/apps/studio/app/pipeline/components/kanban-board.tsx [Client Component SSR]
    ./Downloads/MaatWork/apps/studio/app/pipeline/components/kanban-board.tsx [Server Component]
    ./Downloads/MaatWork/apps/studio/app/pipeline/page.tsx [Server Component] @ http://localhost:3001/_next/static/chunks/94473_next_dist_663ae2c4._.js:1920
[     634ms] [ERROR] ./Downloads/MaatWork/apps/studio/app/pipeline/components/activity-logger.tsx:5:1
Export Textarea doesn't exist in target module
  3 | import { useState } from "react";
  4 | import { Button } from "@maatwork/ui";
> 5 | import { Textarea } from "@maatwork/ui";
    | ^^^^^^^^^^^^^^^^^^^^^^^^^^^^^^^^^^^^^^^^
  6 | import { 
  7 |   Select, 
  8 |   SelectContent, 

The export Textarea was not found in module [project]/Downloads/MaatWork/packages/ui/src/index.ts [app-ssr] (ecmascript).
Did you mean to import TableHead?
All exports of the module are statically known (It doesn't have dynamic exports). So it's known statically that the requested export doesn't exist.

Import traces:
  Client Component Browser:
    ./Downloads/MaatWork/apps/studio/app/pipeline/components/activity-logger.tsx [Client Component Browser]
    ./Downloads/MaatWork/apps/studio/app/pipeline/components/lead-detail-sheet.tsx [Client Component Browser]
    ./Downloads/MaatWork/apps/studio/app/pipeline/components/kanban-board.tsx [Client Component Browser]
    ./Downloads/MaatWork/apps/studio/app/pipeline/components/kanban-board.tsx [Server Component]
    ./Downloads/MaatWork/apps/studio/app/pipeline/page.tsx [Server Component]

  Client Component SSR:
    ./Downloads/MaatWork/apps/studio/app/pipeline/components/activity-logger.tsx [Client Component SSR]
    ./Downloads/MaatWork/apps/studio/app/pipeline/components/lead-detail-sheet.tsx [Client Component SSR]
    ./Downloads/MaatWork/apps/studio/app/pipeline/components/kanban-board.tsx [Client Component SSR]
    ./Downloads/MaatWork/apps/studio/app/pipeline/components/kanban-board.tsx [Server Component]
    ./Downloads/MaatWork/apps/studio/app/pipeline/page.tsx [Server Component] @ http://localhost:3001/_next/static/chunks/94473_next_dist_663ae2c4._.js:1920
[     636ms] [ERROR] ./Downloads/MaatWork/apps/studio/app/tenants/new/page.tsx:6:1
Export Checkbox doesn't exist in target module
  4 | import { zodResolver } from "@hookform/resolvers/zod";
  5 | import { z } from "zod";
> 6 | import { Button, Card, CardContent, CardDescription, CardHeader, CardTitle, Input, Label, Select, SelectContent,SelectItem, SelectTrigger, SelectValue, Checkbox } from "@maatwork/ui";
    | ^^^^^^^^^^^^^^^^^^^^^^^^^^^^^^^^^^^^^^^^^^^^^^^^^^^^^^^^^^^^^^^^^^^^^^^^^^^^^^^^^^^^^^^^^^^^^^^^^^^^^^^^^^^^^^^^^^^^^^^^^^^^^^^^^^^^^^^^^^^^^^^^^^^^^^^^^^^^^^^^^^^^^^^^^^^^^^^^^^^^^^^
  7 | import { useAction } from "next-safe-action/hooks";
  8 | import { createTenantAction } from "../actions";
  9 | import { toast } from "sonner";

The export Checkbox was not found in module [project]/Downloads/MaatWork/packages/ui/src/index.ts [app-client] (ecmascript).
Did you mean to import SheetClose?
All exports of the module are statically known (It doesn't have dynamic exports). So it's known statically that the requested export doesn't exist.

Import traces:
  Client Component Browser:
    ./Downloads/MaatWork/apps/studio/app/tenants/new/page.tsx [Client Component Browser]
    ./Downloads/MaatWork/apps/studio/app/tenants/new/page.tsx [Server Component]

  Client Component SSR:
    ./Downloads/MaatWork/apps/studio/app/tenants/new/page.tsx [Client Component SSR]
    ./Downloads/MaatWork/apps/studio/app/tenants/new/page.tsx [Server Component] @ http://localhost:3001/_next/static/chunks/94473_next_dist_663ae2c4._.js:1920
[     637ms] [ERROR] ./Downloads/MaatWork/apps/studio/app/tenants/new/page.tsx:6:1
Export Checkbox doesn't exist in target module
  4 | import { zodResolver } from "@hookform/resolvers/zod";
  5 | import { z } from "zod";
> 6 | import { Button, Card, CardContent, CardDescription, CardHeader, CardTitle, Input, Label, Select, SelectContent,SelectItem, SelectTrigger, SelectValue, Checkbox } from "@maatwork/ui";
    | ^^^^^^^^^^^^^^^^^^^^^^^^^^^^^^^^^^^^^^^^^^^^^^^^^^^^^^^^^^^^^^^^^^^^^^^^^^^^^^^^^^^^^^^^^^^^^^^^^^^^^^^^^^^^^^^^^^^^^^^^^^^^^^^^^^^^^^^^^^^^^^^^^^^^^^^^^^^^^^^^^^^^^^^^^^^^^^^^^^^^^^^
  7 | import { useAction } from "next-safe-action/hooks";
  8 | import { createTenantAction } from "../actions";
  9 | import { toast } from "sonner";

The export Checkbox was not found in module [project]/Downloads/MaatWork/packages/ui/src/index.ts [app-ssr] (ecmascript).
Did you mean to import SheetClose?
All exports of the module are statically known (It doesn't have dynamic exports). So it's known statically that the requested export doesn't exist.

Import traces:
  Client Component Browser:
    ./Downloads/MaatWork/apps/studio/app/tenants/new/page.tsx [Client Component Browser]
    ./Downloads/MaatWork/apps/studio/app/tenants/new/page.tsx [Server Component]

  Client Component SSR:
    ./Downloads/MaatWork/apps/studio/app/tenants/new/page.tsx [Client Component SSR]
    ./Downloads/MaatWork/apps/studio/app/tenants/new/page.tsx [Server Component] @ http://localhost:3001/_next/static/chunks/94473_next_dist_663ae2c4._.js:1920
[     690ms] [ERROR] Failed to load resource: the server responded with a status of 500 (Internal Server Error) @ http://localhost:3001/favicon.ico:0
[     708ms] [ERROR] ./Downloads/MaatWork/apps/studio/app/pipeline/components/activity-logger.tsx:5:1
Export Textarea doesn't exist in target module
  3 | import { useState } from "react";
  4 | import { Button } from "@maatwork/ui";
> 5 | import { Textarea } from "@maatwork/ui";
    | ^^^^^^^^^^^^^^^^^^^^^^^^^^^^^^^^^^^^^^^^
  6 | import { 
  7 |   Select, 
  8 |   SelectContent, 

The export Textarea was not found in module [project]/Downloads/MaatWork/packages/ui/src/index.ts [app-client] (ecmascript).
Did you mean to import TableHead?
All exports of the module are statically known (It doesn't have dynamic exports). So it's known statically that the requested export doesn't exist.

Import traces:
  Client Component Browser:
    ./Downloads/MaatWork/apps/studio/app/pipeline/components/activity-logger.tsx [Client Component Browser]
    ./Downloads/MaatWork/apps/studio/app/pipeline/components/lead-detail-sheet.tsx [Client Component Browser]
    ./Downloads/MaatWork/apps/studio/app/pipeline/components/kanban-board.tsx [Client Component Browser]
    ./Downloads/MaatWork/apps/studio/app/pipeline/components/kanban-board.tsx [Server Component]
    ./Downloads/MaatWork/apps/studio/app/pipeline/page.tsx [Server Component]

  Client Component SSR:
    ./Downloads/MaatWork/apps/studio/app/pipeline/components/activity-logger.tsx [Client Component SSR]
    ./Downloads/MaatWork/apps/studio/app/pipeline/components/lead-detail-sheet.tsx [Client Component SSR]
    ./Downloads/MaatWork/apps/studio/app/pipeline/components/kanban-board.tsx [Client Component SSR]
    ./Downloads/MaatWork/apps/studio/app/pipeline/components/kanban-board.tsx [Server Component]
    ./Downloads/MaatWork/apps/studio/app/pipeline/page.tsx [Server Component] @ http://localhost:3001/_next/static/chunks/94473_next_dist_663ae2c4._.js:1920
[     708ms] [ERROR] ./Downloads/MaatWork/apps/studio/app/pipeline/components/activity-logger.tsx:5:1
Export Textarea doesn't exist in target module
  3 | import { useState } from "react";
  4 | import { Button } from "@maatwork/ui";
> 5 | import { Textarea } from "@maatwork/ui";
    | ^^^^^^^^^^^^^^^^^^^^^^^^^^^^^^^^^^^^^^^^
  6 | import { 
  7 |   Select, 
  8 |   SelectContent, 

The export Textarea was not found in module [project]/Downloads/MaatWork/packages/ui/src/index.ts [app-ssr] (ecmascript).
Did you mean to import TableHead?
All exports of the module are statically known (It doesn't have dynamic exports). So it's known statically that the requested export doesn't exist.

Import traces:
  Client Component Browser:
    ./Downloads/MaatWork/apps/studio/app/pipeline/components/activity-logger.tsx [Client Component Browser]
    ./Downloads/MaatWork/apps/studio/app/pipeline/components/lead-detail-sheet.tsx [Client Component Browser]
    ./Downloads/MaatWork/apps/studio/app/pipeline/components/kanban-board.tsx [Client Component Browser]
    ./Downloads/MaatWork/apps/studio/app/pipeline/components/kanban-board.tsx [Server Component]
    ./Downloads/MaatWork/apps/studio/app/pipeline/page.tsx [Server Component]

  Client Component SSR:
    ./Downloads/MaatWork/apps/studio/app/pipeline/components/activity-logger.tsx [Client Component SSR]
    ./Downloads/MaatWork/apps/studio/app/pipeline/components/lead-detail-sheet.tsx [Client Component SSR]
    ./Downloads/MaatWork/apps/studio/app/pipeline/components/kanban-board.tsx [Client Component SSR]
    ./Downloads/MaatWork/apps/studio/app/pipeline/components/kanban-board.tsx [Server Component]
    ./Downloads/MaatWork/apps/studio/app/pipeline/page.tsx [Server Component] @ http://localhost:3001/_next/static/chunks/94473_next_dist_663ae2c4._.js:1920
[     708ms] [ERROR] ./Downloads/MaatWork/apps/studio/app/tenants/new/page.tsx:6:1
Export Checkbox doesn't exist in target module
  4 | import { zodResolver } from "@hookform/resolvers/zod";
  5 | import { z } from "zod";
> 6 | import { Button, Card, CardContent, CardDescription, CardHeader, CardTitle, Input, Label, Select, SelectContent,SelectItem, SelectTrigger, SelectValue, Checkbox } from "@maatwork/ui";
    | ^^^^^^^^^^^^^^^^^^^^^^^^^^^^^^^^^^^^^^^^^^^^^^^^^^^^^^^^^^^^^^^^^^^^^^^^^^^^^^^^^^^^^^^^^^^^^^^^^^^^^^^^^^^^^^^^^^^^^^^^^^^^^^^^^^^^^^^^^^^^^^^^^^^^^^^^^^^^^^^^^^^^^^^^^^^^^^^^^^^^^^^
  7 | import { useAction } from "next-safe-action/hooks";
  8 | import { createTenantAction } from "../actions";
  9 | import { toast } from "sonner";

The export Checkbox was not found in module [project]/Downloads/MaatWork/packages/ui/src/index.ts [app-client] (ecmascript).
Did you mean to import SheetClose?
All exports of the module are statically known (It doesn't have dynamic exports). So it's known statically that the requested export doesn't exist.

Import traces:
  Client Component Browser:
    ./Downloads/MaatWork/apps/studio/app/tenants/new/page.tsx [Client Component Browser]
    ./Downloads/MaatWork/apps/studio/app/tenants/new/page.tsx [Server Component]

  Client Component SSR:
    ./Downloads/MaatWork/apps/studio/app/tenants/new/page.tsx [Client Component SSR]
    ./Downloads/MaatWork/apps/studio/app/tenants/new/page.tsx [Server Component] @ http://localhost:3001/_next/static/chunks/94473_next_dist_663ae2c4._.js:1920
[     708ms] [ERROR] ./Downloads/MaatWork/apps/studio/app/tenants/new/page.tsx:6:1
Export Checkbox doesn't exist in target module
  4 | import { zodResolver } from "@hookform/resolvers/zod";
  5 | import { z } from "zod";
> 6 | import { Button, Card, CardContent, CardDescription, CardHeader, CardTitle, Input, Label, Select, SelectContent,SelectItem, SelectTrigger, SelectValue, Checkbox } from "@maatwork/ui";
    | ^^^^^^^^^^^^^^^^^^^^^^^^^^^^^^^^^^^^^^^^^^^^^^^^^^^^^^^^^^^^^^^^^^^^^^^^^^^^^^^^^^^^^^^^^^^^^^^^^^^^^^^^^^^^^^^^^^^^^^^^^^^^^^^^^^^^^^^^^^^^^^^^^^^^^^^^^^^^^^^^^^^^^^^^^^^^^^^^^^^^^^^
  7 | import { useAction } from "next-safe-action/hooks";
  8 | import { createTenantAction } from "../actions";
  9 | import { toast } from "sonner";

The export Checkbox was not found in module [project]/Downloads/MaatWork/packages/ui/src/index.ts [app-ssr] (ecmascript).
Did you mean to import SheetClose?
All exports of the module are statically known (It doesn't have dynamic exports). So it's known statically that the requested export doesn't exist.

Import traces:
  Client Component Browser:
    ./Downloads/MaatWork/apps/studio/app/tenants/new/page.tsx [Client Component Browser]
    ./Downloads/MaatWork/apps/studio/app/tenants/new/page.tsx [Server Component]

  Client Component SSR:
    ./Downloads/MaatWork/apps/studio/app/tenants/new/page.tsx [Client Component SSR]
    ./Downloads/MaatWork/apps/studio/app/tenants/new/page.tsx [Server Component] @ http://localhost:3001/_next/static/chunks/94473_next_dist_663ae2c4._.js:1920
[   79866ms] [ERROR] ./Downloads/MaatWork/apps/studio/app/pipeline/components/activity-logger.tsx:5:1
Export Textarea doesn't exist in target module
  3 | import { useState } from "react";
  4 | import { Button } from "@maatwork/ui";
> 5 | import { Textarea } from "@maatwork/ui";
    | ^^^^^^^^^^^^^^^^^^^^^^^^^^^^^^^^^^^^^^^^
  6 | import { 
  7 |   Select, 
  8 |   SelectContent, 

The export Textarea was not found in module [project]/Downloads/MaatWork/packages/ui/src/index.ts [app-client] (ecmascript).
Did you mean to import TableHead?
All exports of the module are statically known (It doesn't have dynamic exports). So it's known statically that the requested export doesn't exist.

Import traces:
  Client Component Browser:
    ./Downloads/MaatWork/apps/studio/app/pipeline/components/activity-logger.tsx [Client Component Browser]
    ./Downloads/MaatWork/apps/studio/app/pipeline/components/lead-detail-sheet.tsx [Client Component Browser]
    ./Downloads/MaatWork/apps/studio/app/pipeline/components/kanban-board.tsx [Client Component Browser]
    ./Downloads/MaatWork/apps/studio/app/pipeline/components/kanban-board.tsx [Server Component]
    ./Downloads/MaatWork/apps/studio/app/pipeline/page.tsx [Server Component]

  Client Component SSR:
    ./Downloads/MaatWork/apps/studio/app/pipeline/components/activity-logger.tsx [Client Component SSR]
    ./Downloads/MaatWork/apps/studio/app/pipeline/components/lead-detail-sheet.tsx [Client Component SSR]
    ./Downloads/MaatWork/apps/studio/app/pipeline/components/kanban-board.tsx [Client Component SSR]
    ./Downloads/MaatWork/apps/studio/app/pipeline/components/kanban-board.tsx [Server Component]
    ./Downloads/MaatWork/apps/studio/app/pipeline/page.tsx [Server Component] @ http://localhost:3001/_next/static/chunks/94473_next_dist_663ae2c4._.js:1920
[   79869ms] [ERROR] ./Downloads/MaatWork/apps/studio/app/pipeline/components/activity-logger.tsx:5:1
Export Textarea doesn't exist in target module
  3 | import { useState } from "react";
  4 | import { Button } from "@maatwork/ui";
> 5 | import { Textarea } from "@maatwork/ui";
    | ^^^^^^^^^^^^^^^^^^^^^^^^^^^^^^^^^^^^^^^^
  6 | import { 
  7 |   Select, 
  8 |   SelectContent, 

The export Textarea was not found in module [project]/Downloads/MaatWork/packages/ui/src/index.ts [app-ssr] (ecmascript).
Did you mean to import TableHead?
All exports of the module are statically known (It doesn't have dynamic exports). So it's known statically that the requested export doesn't exist.

Import traces:
  Client Component Browser:
    ./Downloads/MaatWork/apps/studio/app/pipeline/components/activity-logger.tsx [Client Component Browser]
    ./Downloads/MaatWork/apps/studio/app/pipeline/components/lead-detail-sheet.tsx [Client Component Browser]
    ./Downloads/MaatWork/apps/studio/app/pipeline/components/kanban-board.tsx [Client Component Browser]
    ./Downloads/MaatWork/apps/studio/app/pipeline/components/kanban-board.tsx [Server Component]
    ./Downloads/MaatWork/apps/studio/app/pipeline/page.tsx [Server Component]

  Client Component SSR:
    ./Downloads/MaatWork/apps/studio/app/pipeline/components/activity-logger.tsx [Client Component SSR]
    ./Downloads/MaatWork/apps/studio/app/pipeline/components/lead-detail-sheet.tsx [Client Component SSR]
    ./Downloads/MaatWork/apps/studio/app/pipeline/components/kanban-board.tsx [Client Component SSR]
    ./Downloads/MaatWork/apps/studio/app/pipeline/components/kanban-board.tsx [Server Component]
    ./Downloads/MaatWork/apps/studio/app/pipeline/page.tsx [Server Component] @ http://localhost:3001/_next/static/chunks/94473_next_dist_663ae2c4._.js:1920
[   79870ms] [ERROR] ./Downloads/MaatWork/apps/studio/app/tenants/new/page.tsx:6:1
Export Checkbox doesn't exist in target module
  4 | import { zodResolver } from "@hookform/resolvers/zod";
  5 | import { z } from "zod";
> 6 | import { Button, Card, CardContent, CardDescription, CardHeader, CardTitle, Input, Label, Select, SelectContent,SelectItem, SelectTrigger, SelectValue, Checkbox } from "@maatwork/ui";
    | ^^^^^^^^^^^^^^^^^^^^^^^^^^^^^^^^^^^^^^^^^^^^^^^^^^^^^^^^^^^^^^^^^^^^^^^^^^^^^^^^^^^^^^^^^^^^^^^^^^^^^^^^^^^^^^^^^^^^^^^^^^^^^^^^^^^^^^^^^^^^^^^^^^^^^^^^^^^^^^^^^^^^^^^^^^^^^^^^^^^^^^^
  7 | import { useAction } from "next-safe-action/hooks";
  8 | import { createTenantAction } from "../actions";
  9 | import { toast } from "sonner";

The export Checkbox was not found in module [project]/Downloads/MaatWork/packages/ui/src/index.ts [app-client] (ecmascript).
Did you mean to import SheetClose?
All exports of the module are statically known (It doesn't have dynamic exports). So it's known statically that the requested export doesn't exist.

Import traces:
  Client Component Browser:
    ./Downloads/MaatWork/apps/studio/app/tenants/new/page.tsx [Client Component Browser]
    ./Downloads/MaatWork/apps/studio/app/tenants/new/page.tsx [Server Component]

  Client Component SSR:
    ./Downloads/MaatWork/apps/studio/app/tenants/new/page.tsx [Client Component SSR]
    ./Downloads/MaatWork/apps/studio/app/tenants/new/page.tsx [Server Component] @ http://localhost:3001/_next/static/chunks/94473_next_dist_663ae2c4._.js:1920
[   79870ms] [ERROR] ./Downloads/MaatWork/apps/studio/app/tenants/new/page.tsx:6:1
Export Checkbox doesn't exist in target module
  4 | import { zodResolver } from "@hookform/resolvers/zod";
  5 | import { z } from "zod";
> 6 | import { Button, Card, CardContent, CardDescription, CardHeader, CardTitle, Input, Label, Select, SelectContent,SelectItem, SelectTrigger, SelectValue, Checkbox } from "@maatwork/ui";
    | ^^^^^^^^^^^^^^^^^^^^^^^^^^^^^^^^^^^^^^^^^^^^^^^^^^^^^^^^^^^^^^^^^^^^^^^^^^^^^^^^^^^^^^^^^^^^^^^^^^^^^^^^^^^^^^^^^^^^^^^^^^^^^^^^^^^^^^^^^^^^^^^^^^^^^^^^^^^^^^^^^^^^^^^^^^^^^^^^^^^^^^^
  7 | import { useAction } from "next-safe-action/hooks";
  8 | import { createTenantAction } from "../actions";
  9 | import { toast } from "sonner";

The export Checkbox was not found in module [project]/Downloads/MaatWork/packages/ui/src/index.ts [app-ssr] (ecmascript).
Did you mean to import SheetClose?
All exports of the module are statically known (It doesn't have dynamic exports). So it's known statically that the requested export doesn't exist.

Import traces:
  Client Component Browser:
    ./Downloads/MaatWork/apps/studio/app/tenants/new/page.tsx [Client Component Browser]
    ./Downloads/MaatWork/apps/studio/app/tenants/new/page.tsx [Server Component]

  Client Component SSR:
    ./Downloads/MaatWork/apps/studio/app/tenants/new/page.tsx [Client Component SSR]
    ./Downloads/MaatWork/apps/studio/app/tenants/new/page.tsx [Server Component] @ http://localhost:3001/_next/static/chunks/94473_next_dist_663ae2c4._.js:1920
[   79918ms] [ERROR] ./Downloads/MaatWork/apps/studio/app/pipeline/components/activity-logger.tsx:5:1
Export Textarea doesn't exist in target module
  3 | import { useState } from "react";
  4 | import { Button } from "@maatwork/ui";
> 5 | import { Textarea } from "@maatwork/ui";
    | ^^^^^^^^^^^^^^^^^^^^^^^^^^^^^^^^^^^^^^^^
  6 | import { 
  7 |   Select, 
  8 |   SelectContent, 

The export Textarea was not found in module [project]/Downloads/MaatWork/packages/ui/src/index.ts [app-client] (ecmascript).
Did you mean to import TableHead?
All exports of the module are statically known (It doesn't have dynamic exports). So it's known statically that the requested export doesn't exist.

Import traces:
  Client Component Browser:
    ./Downloads/MaatWork/apps/studio/app/pipeline/components/activity-logger.tsx [Client Component Browser]
    ./Downloads/MaatWork/apps/studio/app/pipeline/components/lead-detail-sheet.tsx [Client Component Browser]
    ./Downloads/MaatWork/apps/studio/app/pipeline/components/kanban-board.tsx [Client Component Browser]
    ./Downloads/MaatWork/apps/studio/app/pipeline/components/kanban-board.tsx [Server Component]
    ./Downloads/MaatWork/apps/studio/app/pipeline/page.tsx [Server Component]

  Client Component SSR:
    ./Downloads/MaatWork/apps/studio/app/pipeline/components/activity-logger.tsx [Client Component SSR]
    ./Downloads/MaatWork/apps/studio/app/pipeline/components/lead-detail-sheet.tsx [Client Component SSR]
    ./Downloads/MaatWork/apps/studio/app/pipeline/components/kanban-board.tsx [Client Component SSR]
    ./Downloads/MaatWork/apps/studio/app/pipeline/components/kanban-board.tsx [Server Component]
    ./Downloads/MaatWork/apps/studio/app/pipeline/page.tsx [Server Component] @ http://localhost:3001/_next/static/chunks/94473_next_dist_663ae2c4._.js:1920
[   79918ms] [ERROR] ./Downloads/MaatWork/apps/studio/app/pipeline/components/activity-logger.tsx:5:1
Export Textarea doesn't exist in target module
  3 | import { useState } from "react";
  4 | import { Button } from "@maatwork/ui";
> 5 | import { Textarea } from "@maatwork/ui";
    | ^^^^^^^^^^^^^^^^^^^^^^^^^^^^^^^^^^^^^^^^
  6 | import { 
  7 |   Select, 
  8 |   SelectContent, 

The export Textarea was not found in module [project]/Downloads/MaatWork/packages/ui/src/index.ts [app-ssr] (ecmascript).
Did you mean to import TableHead?
All exports of the module are statically known (It doesn't have dynamic exports). So it's known statically that the requested export doesn't exist.

Import traces:
  Client Component Browser:
    ./Downloads/MaatWork/apps/studio/app/pipeline/components/activity-logger.tsx [Client Component Browser]
    ./Downloads/MaatWork/apps/studio/app/pipeline/components/lead-detail-sheet.tsx [Client Component Browser]
    ./Downloads/MaatWork/apps/studio/app/pipeline/components/kanban-board.tsx [Client Component Browser]
    ./Downloads/MaatWork/apps/studio/app/pipeline/components/kanban-board.tsx [Server Component]
    ./Downloads/MaatWork/apps/studio/app/pipeline/page.tsx [Server Component]

  Client Component SSR:
    ./Downloads/MaatWork/apps/studio/app/pipeline/components/activity-logger.tsx [Client Component SSR]
    ./Downloads/MaatWork/apps/studio/app/pipeline/components/lead-detail-sheet.tsx [Client Component SSR]
    ./Downloads/MaatWork/apps/studio/app/pipeline/components/kanban-board.tsx [Client Component SSR]
    ./Downloads/MaatWork/apps/studio/app/pipeline/components/kanban-board.tsx [Server Component]
    ./Downloads/MaatWork/apps/studio/app/pipeline/page.tsx [Server Component] @ http://localhost:3001/_next/static/chunks/94473_next_dist_663ae2c4._.js:1920
[   79918ms] [ERROR] ./Downloads/MaatWork/apps/studio/app/tenants/new/page.tsx:6:1
Export Checkbox doesn't exist in target module
  4 | import { zodResolver } from "@hookform/resolvers/zod";
  5 | import { z } from "zod";
> 6 | import { Button, Card, CardContent, CardDescription, CardHeader, CardTitle, Input, Label, Select, SelectContent,SelectItem, SelectTrigger, SelectValue, Checkbox } from "@maatwork/ui";
    | ^^^^^^^^^^^^^^^^^^^^^^^^^^^^^^^^^^^^^^^^^^^^^^^^^^^^^^^^^^^^^^^^^^^^^^^^^^^^^^^^^^^^^^^^^^^^^^^^^^^^^^^^^^^^^^^^^^^^^^^^^^^^^^^^^^^^^^^^^^^^^^^^^^^^^^^^^^^^^^^^^^^^^^^^^^^^^^^^^^^^^^^
  7 | import { useAction } from "next-safe-action/hooks";
  8 | import { createTenantAction } from "../actions";
  9 | import { toast } from "sonner";

The export Checkbox was not found in module [project]/Downloads/MaatWork/packages/ui/src/index.ts [app-client] (ecmascript).
Did you mean to import SheetClose?
All exports of the module are statically known (It doesn't have dynamic exports). So it's known statically that the requested export doesn't exist.

Import traces:
  Client Component Browser:
    ./Downloads/MaatWork/apps/studio/app/tenants/new/page.tsx [Client Component Browser]
    ./Downloads/MaatWork/apps/studio/app/tenants/new/page.tsx [Server Component]

  Client Component SSR:
    ./Downloads/MaatWork/apps/studio/app/tenants/new/page.tsx [Client Component SSR]
    ./Downloads/MaatWork/apps/studio/app/tenants/new/page.tsx [Server Component] @ http://localhost:3001/_next/static/chunks/94473_next_dist_663ae2c4._.js:1920
[   79919ms] [ERROR] ./Downloads/MaatWork/apps/studio/app/tenants/new/page.tsx:6:1
Export Checkbox doesn't exist in target module
  4 | import { zodResolver } from "@hookform/resolvers/zod";
  5 | import { z } from "zod";
> 6 | import { Button, Card, CardContent, CardDescription, CardHeader, CardTitle, Input, Label, Select, SelectContent,SelectItem, SelectTrigger, SelectValue, Checkbox } from "@maatwork/ui";
    | ^^^^^^^^^^^^^^^^^^^^^^^^^^^^^^^^^^^^^^^^^^^^^^^^^^^^^^^^^^^^^^^^^^^^^^^^^^^^^^^^^^^^^^^^^^^^^^^^^^^^^^^^^^^^^^^^^^^^^^^^^^^^^^^^^^^^^^^^^^^^^^^^^^^^^^^^^^^^^^^^^^^^^^^^^^^^^^^^^^^^^^^
  7 | import { useAction } from "next-safe-action/hooks";
  8 | import { createTenantAction } from "../actions";
  9 | import { toast } from "sonner";

The export Checkbox was not found in module [project]/Downloads/MaatWork/packages/ui/src/index.ts [app-ssr] (ecmascript).
Did you mean to import SheetClose?
All exports of the module are statically known (It doesn't have dynamic exports). So it's known statically that the requested export doesn't exist.

Import traces:
  Client Component Browser:
    ./Downloads/MaatWork/apps/studio/app/tenants/new/page.tsx [Client Component Browser]
    ./Downloads/MaatWork/apps/studio/app/tenants/new/page.tsx [Server Component]

  Client Component SSR:
    ./Downloads/MaatWork/apps/studio/app/tenants/new/page.tsx [Client Component SSR]
    ./Downloads/MaatWork/apps/studio/app/tenants/new/page.tsx [Server Component] @ http://localhost:3001/_next/static/chunks/94473_next_dist_663ae2c4._.js:1920
[   81919ms] [ERROR] ./Downloads/MaatWork/apps/studio/app/pipeline/components/activity-logger.tsx:5:1
Export Textarea doesn't exist in target module
  3 | import { useState } from "react";
  4 | import { Button } from "@maatwork/ui";
> 5 | import { Textarea } from "@maatwork/ui";
    | ^^^^^^^^^^^^^^^^^^^^^^^^^^^^^^^^^^^^^^^^
  6 | import { 
  7 |   Select, 
  8 |   SelectContent, 

The export Textarea was not found in module [project]/Downloads/MaatWork/packages/ui/src/index.ts [app-client] (ecmascript).
Did you mean to import TableHead?
All exports of the module are statically known (It doesn't have dynamic exports). So it's known statically that the requested export doesn't exist.

Import traces:
  Client Component Browser:
    ./Downloads/MaatWork/apps/studio/app/pipeline/components/activity-logger.tsx [Client Component Browser]
    ./Downloads/MaatWork/apps/studio/app/pipeline/components/lead-detail-sheet.tsx [Client Component Browser]
    ./Downloads/MaatWork/apps/studio/app/pipeline/components/kanban-board.tsx [Client Component Browser]
    ./Downloads/MaatWork/apps/studio/app/pipeline/components/kanban-board.tsx [Server Component]
    ./Downloads/MaatWork/apps/studio/app/pipeline/page.tsx [Server Component]

  Client Component SSR:
    ./Downloads/MaatWork/apps/studio/app/pipeline/components/activity-logger.tsx [Client Component SSR]
    ./Downloads/MaatWork/apps/studio/app/pipeline/components/lead-detail-sheet.tsx [Client Component SSR]
    ./Downloads/MaatWork/apps/studio/app/pipeline/components/kanban-board.tsx [Client Component SSR]
    ./Downloads/MaatWork/apps/studio/app/pipeline/components/kanban-board.tsx [Server Component]
    ./Downloads/MaatWork/apps/studio/app/pipeline/page.tsx [Server Component] @ http://localhost:3001/_next/static/chunks/94473_next_dist_663ae2c4._.js:1920
[   81919ms] [ERROR] ./Downloads/MaatWork/apps/studio/app/pipeline/components/activity-logger.tsx:5:1
Export Textarea doesn't exist in target module
  3 | import { useState } from "react";
  4 | import { Button } from "@maatwork/ui";
> 5 | import { Textarea } from "@maatwork/ui";
    | ^^^^^^^^^^^^^^^^^^^^^^^^^^^^^^^^^^^^^^^^
  6 | import { 
  7 |   Select, 
  8 |   SelectContent, 

The export Textarea was not found in module [project]/Downloads/MaatWork/packages/ui/src/index.ts [app-ssr] (ecmascript).
Did you mean to import TableHead?
All exports of the module are statically known (It doesn't have dynamic exports). So it's known statically that the requested export doesn't exist.

Import traces:
  Client Component Browser:
    ./Downloads/MaatWork/apps/studio/app/pipeline/components/activity-logger.tsx [Client Component Browser]
    ./Downloads/MaatWork/apps/studio/app/pipeline/components/lead-detail-sheet.tsx [Client Component Browser]
    ./Downloads/MaatWork/apps/studio/app/pipeline/components/kanban-board.tsx [Client Component Browser]
    ./Downloads/MaatWork/apps/studio/app/pipeline/components/kanban-board.tsx [Server Component]
    ./Downloads/MaatWork/apps/studio/app/pipeline/page.tsx [Server Component]

  Client Component SSR:
    ./Downloads/MaatWork/apps/studio/app/pipeline/components/activity-logger.tsx [Client Component SSR]
    ./Downloads/MaatWork/apps/studio/app/pipeline/components/lead-detail-sheet.tsx [Client Component SSR]
    ./Downloads/MaatWork/apps/studio/app/pipeline/components/kanban-board.tsx [Client Component SSR]
    ./Downloads/MaatWork/apps/studio/app/pipeline/components/kanban-board.tsx [Server Component]
    ./Downloads/MaatWork/apps/studio/app/pipeline/page.tsx [Server Component] @ http://localhost:3001/_next/static/chunks/94473_next_dist_663ae2c4._.js:1920
[   81919ms] [ERROR] ./Downloads/MaatWork/apps/studio/app/tenants/new/page.tsx:6:1
Export Checkbox doesn't exist in target module
  4 | import { zodResolver } from "@hookform/resolvers/zod";
  5 | import { z } from "zod";
> 6 | import { Button, Card, CardContent, CardDescription, CardHeader, CardTitle, Input, Label, Select, SelectContent,SelectItem, SelectTrigger, SelectValue, Checkbox } from "@maatwork/ui";
    | ^^^^^^^^^^^^^^^^^^^^^^^^^^^^^^^^^^^^^^^^^^^^^^^^^^^^^^^^^^^^^^^^^^^^^^^^^^^^^^^^^^^^^^^^^^^^^^^^^^^^^^^^^^^^^^^^^^^^^^^^^^^^^^^^^^^^^^^^^^^^^^^^^^^^^^^^^^^^^^^^^^^^^^^^^^^^^^^^^^^^^^^
  7 | import { useAction } from "next-safe-action/hooks";
  8 | import { createTenantAction } from "../actions";
  9 | import { toast } from "sonner";

The export Checkbox was not found in module [project]/Downloads/MaatWork/packages/ui/src/index.ts [app-client] (ecmascript).
Did you mean to import SheetClose?
All exports of the module are statically known (It doesn't have dynamic exports). So it's known statically that the requested export doesn't exist.

Import traces:
  Client Component Browser:
    ./Downloads/MaatWork/apps/studio/app/tenants/new/page.tsx [Client Component Browser]
    ./Downloads/MaatWork/apps/studio/app/tenants/new/page.tsx [Server Component]

  Client Component SSR:
    ./Downloads/MaatWork/apps/studio/app/tenants/new/page.tsx [Client Component SSR]
    ./Downloads/MaatWork/apps/studio/app/tenants/new/page.tsx [Server Component] @ http://localhost:3001/_next/static/chunks/94473_next_dist_663ae2c4._.js:1920
[   81919ms] [ERROR] ./Downloads/MaatWork/apps/studio/app/tenants/new/page.tsx:6:1
Export Checkbox doesn't exist in target module
  4 | import { zodResolver } from "@hookform/resolvers/zod";
  5 | import { z } from "zod";
> 6 | import { Button, Card, CardContent, CardDescription, CardHeader, CardTitle, Input, Label, Select, SelectContent,SelectItem, SelectTrigger, SelectValue, Checkbox } from "@maatwork/ui";
    | ^^^^^^^^^^^^^^^^^^^^^^^^^^^^^^^^^^^^^^^^^^^^^^^^^^^^^^^^^^^^^^^^^^^^^^^^^^^^^^^^^^^^^^^^^^^^^^^^^^^^^^^^^^^^^^^^^^^^^^^^^^^^^^^^^^^^^^^^^^^^^^^^^^^^^^^^^^^^^^^^^^^^^^^^^^^^^^^^^^^^^^^
  7 | import { useAction } from "next-safe-action/hooks";
  8 | import { createTenantAction } from "../actions";
  9 | import { toast } from "sonner";

The export Checkbox was not found in module [project]/Downloads/MaatWork/packages/ui/src/index.ts [app-ssr] (ecmascript).
Did you mean to import SheetClose?
All exports of the module are statically known (It doesn't have dynamic exports). So it's known statically that the requested export doesn't exist.

Import traces:
  Client Component Browser:
    ./Downloads/MaatWork/apps/studio/app/tenants/new/page.tsx [Client Component Browser]
    ./Downloads/MaatWork/apps/studio/app/tenants/new/page.tsx [Server Component]

  Client Component SSR:
    ./Downloads/MaatWork/apps/studio/app/tenants/new/page.tsx [Client Component SSR]
    ./Downloads/MaatWork/apps/studio/app/tenants/new/page.tsx [Server Component] @ http://localhost:3001/_next/static/chunks/94473_next_dist_663ae2c4._.js:1920
[   82051ms] [ERROR] ./Downloads/MaatWork/apps/studio/app/pipeline/components/activity-logger.tsx:5:1
Export Textarea doesn't exist in target module
  3 | import { useState } from "react";
  4 | import { Button } from "@maatwork/ui";
> 5 | import { Textarea } from "@maatwork/ui";
    | ^^^^^^^^^^^^^^^^^^^^^^^^^^^^^^^^^^^^^^^^
  6 | import { 
  7 |   Select, 
  8 |   SelectContent, 

The export Textarea was not found in module [project]/Downloads/MaatWork/packages/ui/src/index.ts [app-client] (ecmascript).
Did you mean to import TableHead?
All exports of the module are statically known (It doesn't have dynamic exports). So it's known statically that the requested export doesn't exist.

Import traces:
  Client Component Browser:
    ./Downloads/MaatWork/apps/studio/app/pipeline/components/activity-logger.tsx [Client Component Browser]
    ./Downloads/MaatWork/apps/studio/app/pipeline/components/lead-detail-sheet.tsx [Client Component Browser]
    ./Downloads/MaatWork/apps/studio/app/pipeline/components/kanban-board.tsx [Client Component Browser]
    ./Downloads/MaatWork/apps/studio/app/pipeline/components/kanban-board.tsx [Server Component]
    ./Downloads/MaatWork/apps/studio/app/pipeline/page.tsx [Server Component]

  Client Component SSR:
    ./Downloads/MaatWork/apps/studio/app/pipeline/components/activity-logger.tsx [Client Component SSR]
    ./Downloads/MaatWork/apps/studio/app/pipeline/components/lead-detail-sheet.tsx [Client Component SSR]
    ./Downloads/MaatWork/apps/studio/app/pipeline/components/kanban-board.tsx [Client Component SSR]
    ./Downloads/MaatWork/apps/studio/app/pipeline/components/kanban-board.tsx [Server Component]
    ./Downloads/MaatWork/apps/studio/app/pipeline/page.tsx [Server Component] @ http://localhost:3001/_next/static/chunks/94473_next_dist_663ae2c4._.js:1920
[   82052ms] [ERROR] ./Downloads/MaatWork/apps/studio/app/pipeline/components/activity-logger.tsx:5:1
Export Textarea doesn't exist in target module
  3 | import { useState } from "react";
  4 | import { Button } from "@maatwork/ui";
> 5 | import { Textarea } from "@maatwork/ui";
    | ^^^^^^^^^^^^^^^^^^^^^^^^^^^^^^^^^^^^^^^^
  6 | import { 
  7 |   Select, 
  8 |   SelectContent, 

The export Textarea was not found in module [project]/Downloads/MaatWork/packages/ui/src/index.ts [app-ssr] (ecmascript).
Did you mean to import TableHead?
All exports of the module are statically known (It doesn't have dynamic exports). So it's known statically that the requested export doesn't exist.

Import traces:
  Client Component Browser:
    ./Downloads/MaatWork/apps/studio/app/pipeline/components/activity-logger.tsx [Client Component Browser]
    ./Downloads/MaatWork/apps/studio/app/pipeline/components/lead-detail-sheet.tsx [Client Component Browser]
    ./Downloads/MaatWork/apps/studio/app/pipeline/components/kanban-board.tsx [Client Component Browser]
    ./Downloads/MaatWork/apps/studio/app/pipeline/components/kanban-board.tsx [Server Component]
    ./Downloads/MaatWork/apps/studio/app/pipeline/page.tsx [Server Component]

  Client Component SSR:
    ./Downloads/MaatWork/apps/studio/app/pipeline/components/activity-logger.tsx [Client Component SSR]
    ./Downloads/MaatWork/apps/studio/app/pipeline/components/lead-detail-sheet.tsx [Client Component SSR]
    ./Downloads/MaatWork/apps/studio/app/pipeline/components/kanban-board.tsx [Client Component SSR]
    ./Downloads/MaatWork/apps/studio/app/pipeline/components/kanban-board.tsx [Server Component]
    ./Downloads/MaatWork/apps/studio/app/pipeline/page.tsx [Server Component] @ http://localhost:3001/_next/static/chunks/94473_next_dist_663ae2c4._.js:1920
[   82052ms] [ERROR] ./Downloads/MaatWork/apps/studio/app/tenants/new/page.tsx:6:1
Export Checkbox doesn't exist in target module
  4 | import { zodResolver } from "@hookform/resolvers/zod";
  5 | import { z } from "zod";
> 6 | import { Button, Card, CardContent, CardDescription, CardHeader, CardTitle, Input, Label, Select, SelectContent,SelectItem, SelectTrigger, SelectValue, Checkbox } from "@maatwork/ui";
    | ^^^^^^^^^^^^^^^^^^^^^^^^^^^^^^^^^^^^^^^^^^^^^^^^^^^^^^^^^^^^^^^^^^^^^^^^^^^^^^^^^^^^^^^^^^^^^^^^^^^^^^^^^^^^^^^^^^^^^^^^^^^^^^^^^^^^^^^^^^^^^^^^^^^^^^^^^^^^^^^^^^^^^^^^^^^^^^^^^^^^^^^
  7 | import { useAction } from "next-safe-action/hooks";
  8 | import { createTenantAction } from "../actions";
  9 | import { toast } from "sonner";

The export Checkbox was not found in module [project]/Downloads/MaatWork/packages/ui/src/index.ts [app-client] (ecmascript).
Did you mean to import SheetClose?
All exports of the module are statically known (It doesn't have dynamic exports). So it's known statically that the requested export doesn't exist.

Import traces:
  Client Component Browser:
    ./Downloads/MaatWork/apps/studio/app/tenants/new/page.tsx [Client Component Browser]
    ./Downloads/MaatWork/apps/studio/app/tenants/new/page.tsx [Server Component]

  Client Component SSR:
    ./Downloads/MaatWork/apps/studio/app/tenants/new/page.tsx [Client Component SSR]
    ./Downloads/MaatWork/apps/studio/app/tenants/new/page.tsx [Server Component] @ http://localhost:3001/_next/static/chunks/94473_next_dist_663ae2c4._.js:1920
[   82052ms] [ERROR] ./Downloads/MaatWork/apps/studio/app/tenants/new/page.tsx:6:1
Export Checkbox doesn't exist in target module
  4 | import { zodResolver } from "@hookform/resolvers/zod";
  5 | import { z } from "zod";
> 6 | import { Button, Card, CardContent, CardDescription, CardHeader, CardTitle, Input, Label, Select, SelectContent,SelectItem, SelectTrigger, SelectValue, Checkbox } from "@maatwork/ui";
    | ^^^^^^^^^^^^^^^^^^^^^^^^^^^^^^^^^^^^^^^^^^^^^^^^^^^^^^^^^^^^^^^^^^^^^^^^^^^^^^^^^^^^^^^^^^^^^^^^^^^^^^^^^^^^^^^^^^^^^^^^^^^^^^^^^^^^^^^^^^^^^^^^^^^^^^^^^^^^^^^^^^^^^^^^^^^^^^^^^^^^^^^
  7 | import { useAction } from "next-safe-action/hooks";
  8 | import { createTenantAction } from "../actions";
  9 | import { toast } from "sonner";

The export Checkbox was not found in module [project]/Downloads/MaatWork/packages/ui/src/index.ts [app-ssr] (ecmascript).
Did you mean to import SheetClose?
All exports of the module are statically known (It doesn't have dynamic exports). So it's known statically that the requested export doesn't exist.

Import traces:
  Client Component Browser:
    ./Downloads/MaatWork/apps/studio/app/tenants/new/page.tsx [Client Component Browser]
    ./Downloads/MaatWork/apps/studio/app/tenants/new/page.tsx [Server Component]

  Client Component SSR:
    ./Downloads/MaatWork/apps/studio/app/tenants/new/page.tsx [Client Component SSR]
    ./Downloads/MaatWork/apps/studio/app/tenants/new/page.tsx [Server Component] @ http://localhost:3001/_next/static/chunks/94473_next_dist_663ae2c4._.js:1920
[   84552ms] [ERROR] ./Downloads/MaatWork/packages/ui/src/components/ui/checkbox.tsx:4:1
Module not found: Can't resolve '@radix-ui/react-checkbox'
  2 |
  3 | import * as React from "react"
> 4 | import * as CheckboxPrimitive from "@radix-ui/react-checkbox"
    | ^^^^^^^^^^^^^^^^^^^^^^^^^^^^^^^^^^^^^^^^^^^^^^^^^^^^^^^^^^^^^
  5 | import { Check } from "lucide-react"
  6 |
  7 | import { cn } from "../../lib/utils"

Import traces:
  #1 [Server Component]:
    ./Downloads/MaatWork/packages/ui/src/components/ui/checkbox.tsx
    ./Downloads/MaatWork/packages/ui/src/index.ts
    ./Downloads/MaatWork/apps/studio/app/loading.tsx

  #2 [Server Component]:
    ./Downloads/MaatWork/packages/ui/src/components/ui/checkbox.tsx
    ./Downloads/MaatWork/packages/ui/src/index.ts
    ./Downloads/MaatWork/apps/studio/app/page.tsx

  #3 [Client Component Browser]:
    ./Downloads/MaatWork/packages/ui/src/components/ui/checkbox.tsx [Client Component Browser]
    ./Downloads/MaatWork/packages/ui/src/index.ts [Client Component Browser]
    ./Downloads/MaatWork/apps/studio/app/layout-client.tsx [Client Component Browser]
    ./Downloads/MaatWork/apps/studio/app/layout-client.tsx [Server Component]
    ./Downloads/MaatWork/apps/studio/app/layout.tsx [Server Component]

  #4 [Client Component SSR]:
    ./Downloads/MaatWork/packages/ui/src/components/ui/checkbox.tsx [Client Component SSR]
    ./Downloads/MaatWork/packages/ui/src/index.ts [Client Component SSR]
    ./Downloads/MaatWork/apps/studio/app/layout-client.tsx [Client Component SSR]
    ./Downloads/MaatWork/apps/studio/app/layout-client.tsx [Server Component]
    ./Downloads/MaatWork/apps/studio/app/layout.tsx [Server Component]

https://nextjs.org/docs/messages/module-not-found @ http://localhost:3001/_next/static/chunks/94473_next_dist_663ae2c4._.js:1920
