[    5141ms] [ERROR] Failed to load resource: net::ERR_CONNECTION_RESET @ http://localhost:3001/_next/static/chunks/94473_next_dist_compiled_react-dom_19d38c6e._.js:0
[    5153ms] [ERROR] Failed to load resource: net::ERR_CONNECTION_RESET @ http://localhost:3001/_next/static/chunks/94473_next_dist_compiled_react-server-dom-turbopack_8791dc96._.js:0
[    5154ms] [ERROR] Failed to load resource: net::ERR_CONNECTION_RESET @ http://localhost:3001/_next/static/chunks/94473_next_dist_compiled_next-devtools_index_35906372.js:0
[    5155ms] [ERROR] Failed to load resource: net::ERR_CONNECTION_RESET @ http://localhost:3001/_next/static/chunks/94473_next_dist_compiled_027236b5._.js:0
[    5155ms] [ERROR] Failed to load resource: net::ERR_CONNECTION_REFUSED @ http://localhost:3001/_next/static/chunks/Downloads_MaatWork_apps_studio_a0ff3932._.js:0
[    5156ms] [ERROR] Failed to load resource: net::ERR_CONNECTION_REFUSED @ http://localhost:3001/_next/static/chunks/Downloads_MaatWork_apps_studio_app_globals_520f2214.css:0
[    5156ms] [ERROR] Failed to load resource: net::ERR_CONNECTION_REFUSED @ http://localhost:3001/_next/static/chunks/%5Bturbopack%5D_browser_dev_hmr-client_hmr-client_ts_4177bc9d._.js:0
[    5156ms] [ERROR] Failed to load resource: net::ERR_CONNECTION_REFUSED @ http://localhost:3001/_next/static/chunks/94473_next_dist_client_4dbc6c08._.js:0
[    5156ms] [ERROR] Failed to load resource: net::ERR_CONNECTION_REFUSED @ http://localhost:3001/_next/static/chunks/94473_next_dist_5e9d9b1f._.js:0
[    5166ms] [ERROR] Failed to load resource: net::ERR_CONNECTION_REFUSED @ http://localhost:3001/_next/static/chunks/9d320_%40swc_helpers_cjs_f8b1e4b1._.js:0
[    5167ms] [ERROR] Failed to load resource: net::ERR_CONNECTION_REFUSED @ http://localhost:3001/_next/static/chunks/turbopack-Downloads_MaatWork_apps_studio_019bf04a._.js:0
[    5168ms] [ERROR] Failed to load resource: net::ERR_CONNECTION_REFUSED @ http://localhost:3001/_next/static/chunks/94473_next_dist_8a587b32._.js:0
[    5168ms] [ERROR] Failed to load resource: net::ERR_CONNECTION_REFUSED @ http://localhost:3001/_next/static/chunks/94473_next_dist_client_components_builtin_global-error_f7bac4d6.js:0
[    5169ms] [ERROR] Failed to load resource: net::ERR_CONNECTION_REFUSED @ http://localhost:3001/_next/static/chunks/Downloads_MaatWork_8494ef1f._.js:0
[    5169ms] [ERROR] Failed to load resource: net::ERR_CONNECTION_REFUSED @ http://localhost:3001/_next/static/chunks/80ffb_tailwind-merge_dist_bundle-mjs_mjs_267e8f0f._.js:0
[    5169ms] [ERROR] Failed to load resource: net::ERR_CONNECTION_REFUSED @ http://localhost:3001/_next/static/chunks/a4256_react-hook-form_dist_index_esm_mjs_7ad149f8._.js:0
[    5170ms] [ERROR] Failed to load resource: net::ERR_CONNECTION_REFUSED @ http://localhost:3001/_next/static/chunks/295c8_%40radix-ui_react-select_dist_index_mjs_e8388995._.js:0
[    5170ms] [ERROR] Failed to load resource: net::ERR_CONNECTION_REFUSED @ http://localhost:3001/_next/static/chunks/3ae62__pnpm_5358826f._.js:0
[    5171ms] [ERROR] Failed to load resource: net::ERR_CONNECTION_REFUSED @ http://localhost:3001/_next/static/chunks/Downloads_MaatWork_apps_studio_app_layout_tsx_f7bac4d6._.js:0
[    5172ms] [ERROR] Failed to load resource: net::ERR_CONNECTION_REFUSED @ http://localhost:3001/_next/static/chunks/Downloads_MaatWork_apps_studio_app_tenants_page_tsx_0b6893a5._.js:0
