[    1261ms] [ERROR] Failed to load resource: the server responded with a status of 500 (Internal Server Error) @ http://localhost:3001/pipeline:0
[    1441ms] Error: ./Downloads/MaatWork/apps/studio/app/pipeline/export-actions.ts:5:1
Module not found: Can't resolve '@/lib/safe-action'
  3 | import { db } from "@maatwork/database";
  4 | import { leads } from "@maatwork/database/schema";
> 5 | import { founderActionClient } from "@/lib/safe-action";
    | ^^^^^^^^^^^^^^^^^^^^^^^^^^^^^^^^^^^^^^^^^^^^^^^^^^^^^^^^
  6 | import { z } from "zod";
  7 | import { activity_logs } from "@maatwork/database/schema";
  8 | import { v4 as uuid } from "uuid";

Import map: aliased to relative './lib/safe-action' inside of [project]/Downloads/MaatWork/apps/studio


https://nextjs.org/docs/messages/module-not-found


    at <unknown> (Error: ./Downloads/MaatWork/apps/studio/app/pipeline/export-actions.ts:5:1)
    at <unknown> (https://nextjs.org/docs/messages/module-not-found)
    at Object.getCompilationErrors (file:///Users/prueba/Downloads/MaatWork/node_modules/.pnpm/next@16.1.6_@babel+core@7.29.0_react-dom@19.2.4_react@19.2.4__react@19.2.4/node_modules/next/dist/server/dev/hot-reloader-turbopack.js:1008:59)
    at DevBundlerService.getCompilationError (file:///Users/prueba/Downloads/MaatWork/node_modules/.pnpm/next@16.1.6_@babel+core@7.29.0_react-dom@19.2.4_react@19.2.4__react@19.2.4/node_modules/next/dist/server/lib/dev-bundler-service.js:44:55)
    at DevServer.getCompilationError (file:///Users/prueba/Downloads/MaatWork/node_modules/.pnpm/next@16.1.6_@babel+core@7.29.0_react-dom@19.2.4_react@19.2.4__react@19.2.4/node_modules/next/dist/server/dev/next-dev-server.js:706:42)
    at DevServer.findPageComponents (file:///Users/prueba/Downloads/MaatWork/node_modules/.pnpm/next@16.1.6_@babel+core@7.29.0_react-dom@19.2.4_react@19.2.4__react@19.2.4/node_modules/next/dist/server/dev/next-dev-server.js:676:43)
    at async DevServer.renderErrorToResponseImpl (file:///Users/prueba/Downloads/MaatWork/node_modules/.pnpm/next@16.1.6_@babel+core@7.29.0_react-dom@19.2.4_react@19.2.4__react@19.2.4/node_modules/next/dist/server/base-server.js:1733:26)
[    1521ms] [ERROR] ./Downloads/MaatWork/apps/studio/app/pipeline/export-actions.ts:5:1
Module not found: Can't resolve '@/lib/safe-action'
  3 | import { db } from "@maatwork/database";
  4 | import { leads } from "@maatwork/database/schema";
> 5 | import { founderActionClient } from "@/lib/safe-action";
    | ^^^^^^^^^^^^^^^^^^^^^^^^^^^^^^^^^^^^^^^^^^^^^^^^^^^^^^^^
  6 | import { z } from "zod";
  7 | import { activity_logs } from "@maatwork/database/schema";
  8 | import { v4 as uuid } from "uuid";

Import map: aliased to relative './lib/safe-action' inside of [project]/Downloads/MaatWork/apps/studio

https://nextjs.org/docs/messages/module-not-found @ http://localhost:3001/_next/static/chunks/94473_next_dist_663ae2c4._.js:1920
[    1539ms] [ERROR] ./Downloads/MaatWork/apps/studio/app/pipeline/export-actions.ts:5:1
Module not found: Can't resolve '@/lib/safe-action'
  3 | import { db } from "@maatwork/database";
  4 | import { leads } from "@maatwork/database/schema";
> 5 | import { founderActionClient } from "@/lib/safe-action";
    | ^^^^^^^^^^^^^^^^^^^^^^^^^^^^^^^^^^^^^^^^^^^^^^^^^^^^^^^^
  6 | import { z } from "zod";
  7 | import { activity_logs } from "@maatwork/database/schema";
  8 | import { v4 as uuid } from "uuid";

Import map: aliased to relative './lib/safe-action' inside of [project]/Downloads/MaatWork/apps/studio

https://nextjs.org/docs/messages/module-not-found @ http://localhost:3001/_next/static/chunks/94473_next_dist_663ae2c4._.js:1920
[   21141ms] [ERROR] ./Downloads/MaatWork/apps/studio/app/pipeline/export-actions.ts:5:1
Module not found: Can't resolve '../../lib/safe-action'
  3 | import { db } from "@maatwork/database";
  4 | import { leads } from "@maatwork/database/schema";
> 5 | import { founderActionClient } from "../../lib/safe-action";
    | ^^^^^^^^^^^^^^^^^^^^^^^^^^^^^^^^^^^^^^^^^^^^^^^^^^^^^^^^^^^^
  6 | import { z } from "zod";
  7 | import { activity_logs } from "@maatwork/database/schema";
  8 | import { v4 as uuid } from "uuid";

https://nextjs.org/docs/messages/module-not-found @ http://localhost:3001/_next/static/chunks/94473_next_dist_663ae2c4._.js:1920
