[    8272ms] [WARNING] The resource http://localhost:3001/_next/static/chunks/Downloads_MaatWork_apps_studio_app_globals_520f2214.css was preloaded using link preload but not used within a few seconds from the window's load event. Please make sure it has an appropriate `as` value and it is preloaded intentionally. @ http://localhost:3001/tenants:0
[  614779ms] [WARNING] The resource http://localhost:3001/_next/static/chunks/Downloads_MaatWork_apps_studio_app_globals_520f2214.css was preloaded using link preload but not used within a few seconds from the window's load event. Please make sure it has an appropriate `as` value and it is preloaded intentionally. @ http://localhost:3001/tenants/maatwork-hq:0
[  615752ms] ReferenceError: React is not defined
    at ProjectHub (about://React/Server/file:///Users/prueba/Downloads/MaatWork/apps/studio/.next/dev/server/chunks/ssr/%5Broot-of-the-server%5D__6b62df18._.js?179:170:35)
    at resolveErrorDev (http://localhost:3001/_next/static/chunks/94473_next_dist_compiled_react-server-dom-turbopack_8791dc96._.js:1894:148)
    at processFullStringRow (http://localhost:3001/_next/static/chunks/94473_next_dist_compiled_react-server-dom-turbopack_8791dc96._.js:2402:29)
    at processFullBinaryRow (http://localhost:3001/_next/static/chunks/94473_next_dist_compiled_react-server-dom-turbopack_8791dc96._.js:2361:9)
    at processBinaryChunk (http://localhost:3001/_next/static/chunks/94473_next_dist_compiled_react-server-dom-turbopack_8791dc96._.js:2470:221)
    at progress (http://localhost:3001/_next/static/chunks/94473_next_dist_compiled_react-server-dom-turbopack_8791dc96._.js:2640:13)
[  618865ms] [WARNING] The resource http://localhost:3001/_next/static/chunks/Downloads_MaatWork_apps_studio_app_globals_520f2214.css was preloaded using link preload but not used within a few seconds from the window's load event. Please make sure it has an appropriate `as` value and it is preloaded intentionally. @ http://localhost:3001/tenants/maatwork-hq:0
[  888880ms] [ERROR] WebSocket connection to 'ws://localhost:3001/_next/webpack-hmr?id=7QD7Kq7ha_wD2ckBLuPEj' failed: Error in connection establishment: net::ERR_CONNECTION_REFUSED @ http://localhost:3001/_next/static/chunks/94473_next_dist_client_4dbc6c08._.js:10878
[  889892ms] [ERROR] WebSocket connection to 'ws://localhost:3001/_next/webpack-hmr?id=7QD7Kq7ha_wD2ckBLuPEj' failed: Error in connection establishment: net::ERR_CONNECTION_REFUSED @ http://localhost:3001/_next/static/chunks/94473_next_dist_client_4dbc6c08._.js:10878
[  890895ms] [ERROR] WebSocket connection to 'ws://localhost:3001/_next/webpack-hmr?id=7QD7Kq7ha_wD2ckBLuPEj' failed: Error in connection establishment: net::ERR_CONNECTION_REFUSED @ http://localhost:3001/_next/static/chunks/94473_next_dist_client_4dbc6c08._.js:10878
[  891897ms] [ERROR] WebSocket connection to 'ws://localhost:3001/_next/webpack-hmr?id=7QD7Kq7ha_wD2ckBLuPEj' failed: Error in connection establishment: net::ERR_CONNECTION_REFUSED @ http://localhost:3001/_next/static/chunks/94473_next_dist_client_4dbc6c08._.js:10878
[  892900ms] [ERROR] WebSocket connection to 'ws://localhost:3001/_next/webpack-hmr?id=7QD7Kq7ha_wD2ckBLuPEj' failed: Error in connection establishment: net::ERR_CONNECTION_REFUSED @ http://localhost:3001/_next/static/chunks/94473_next_dist_client_4dbc6c08._.js:10878
[  897910ms] [ERROR] WebSocket connection to 'ws://localhost:3001/_next/webpack-hmr?id=7QD7Kq7ha_wD2ckBLuPEj' failed: Error in connection establishment: net::ERR_CONNECTION_REFUSED @ http://localhost:3001/_next/static/chunks/94473_next_dist_client_4dbc6c08._.js:10878
[  902920ms] [ERROR] WebSocket connection to 'ws://localhost:3001/_next/webpack-hmr?id=7QD7Kq7ha_wD2ckBLuPEj' failed: Error in connection establishment: net::ERR_CONNECTION_REFUSED @ http://localhost:3001/_next/static/chunks/94473_next_dist_client_4dbc6c08._.js:10878
[  907937ms] [ERROR] WebSocket connection to 'ws://localhost:3001/_next/webpack-hmr?id=7QD7Kq7ha_wD2ckBLuPEj' failed: Error in connection establishment: net::ERR_CONNECTION_REFUSED @ http://localhost:3001/_next/static/chunks/94473_next_dist_client_4dbc6c08._.js:10878
[  912957ms] [ERROR] WebSocket connection to 'ws://localhost:3001/_next/webpack-hmr?id=7QD7Kq7ha_wD2ckBLuPEj' failed: Error in connection establishment: net::ERR_CONNECTION_REFUSED @ http://localhost:3001/_next/static/chunks/94473_next_dist_client_4dbc6c08._.js:10878
[  918043ms] [ERROR] WebSocket connection to 'ws://localhost:3001/_next/webpack-hmr?id=7QD7Kq7ha_wD2ckBLuPEj' failed: Error in connection establishment: net::ERR_CONNECTION_REFUSED @ http://localhost:3001/_next/static/chunks/94473_next_dist_client_4dbc6c08._.js:10878
[  923105ms] [ERROR] WebSocket connection to 'ws://localhost:3001/_next/webpack-hmr?id=7QD7Kq7ha_wD2ckBLuPEj' failed: Error in connection establishment: net::ERR_CONNECTION_REFUSED @ http://localhost:3001/_next/static/chunks/94473_next_dist_client_4dbc6c08._.js:10878
[  928351ms] [ERROR] WebSocket connection to 'ws://localhost:3001/_next/webpack-hmr?id=7QD7Kq7ha_wD2ckBLuPEj' failed: Error in connection establishment: net::ERR_CONNECTION_REFUSED @ http://localhost:3001/_next/static/chunks/94473_next_dist_client_4dbc6c08._.js:10878
