[    1105ms] [WARNING] %c%s%c Could not fetch tenants, database might not be initialized: background: #e6e6e6;background: light-dark(rgba(0,0,0,0.1), rgba(255,255,255,0.25));color: #000000;color: light-dark(#000000, #ffffff);border-radius: 2px  Server   NeonDbError: relation "tenants" does not exist
    at NeonHttpPreparedQuery.execute (about://React/Server/file:///Users/prueba/Downloads/MaatWork/apps/studio/.next/dev/server/chunks/ssr/3ae62__pnpm_26fecff4._.js?0:10943:24)
    at RootLayout (about://React/Server/file:///Users/prueba/Downloads/MaatWork/apps/studio/.next/dev/server/chunks/ssr/%5Broot-of-the-server%5D__0144d927._.js?1:259:22)
    at resolveErrorDev (http://localhost:3001/_next/static/chunks/94473_next_dist_compiled_react-server-dom-turbopack_8791dc96._.js:1894:106)
    at getOutlinedModel (http://localhost:3001/_next/static/chunks/94473_next_dist_compiled_react-server-dom-turbopack_8791dc96._.js:1447:28)
    at parseModelString (http://localhost:3001/_next/static/chunks/94473_next_dist_compiled_react-server-dom-turbopack_8791dc96._.js:1561:50)
    at Object.<anonymous> (http://localhost:3001/_next/static/chunks/94473_next_dist_compiled_react-server-dom-turbopack_8791dc96._.js:2486:55)
    at JSON.parse (<anonymous>)
    at initializeModelChunk (http://localhost:3001/_next/static/chunks/94473_next_dist_compiled_react-server-dom-turbopack_8791dc96._.js:1064:30)
    at getOutlinedModel (http://localhost:3001/_next/static/chunks/94473_next_dist_compiled_react-server-dom-turbopack_8791dc96._.js:1385:17)
    at parseModelString (http://localhost:3001/_next/static/chunks/94473_next_dist_compiled_react-server-dom-turbopack_8791dc96._.js:1615:50)
    at Array.<anonymous> (http://localhost:3001/_next/static/chunks/94473_next_dist_compiled_react-server-dom-turbopack_8791dc96._.js:2486:55)
    at JSON.parse (<anonymous>)
    at initializeModelChunk (http://localhost:3001/_next/static/chunks/94473_next_dist_compiled_react-server-dom-turbopack_8791dc96._.js:1064:30)
    at resolveConsoleEntry (http://localhost:3001/_next/static/chunks/94473_next_dist_compiled_react-server-dom-turbopack_8791dc96._.js:2020:96)
    at processFullStringRow (http://localhost:3001/_next/static/chunks/94473_next_dist_compiled_react-server-dom-turbopack_8791dc96._.js:2421:17)
    at processFullBinaryRow (http://localhost:3001/_next/static/chunks/94473_next_dist_compiled_react-server-dom-turbopack_8791dc96._.js:2361:9)
    at processBinaryChunk (http://localhost:3001/_next/static/chunks/94473_next_dist_compiled_react-server-dom-turbopack_8791dc96._.js:2470:221)
    at progress (http://localhost:3001/_next/static/chunks/94473_next_dist_compiled_react-server-dom-turbopack_8791dc96._.js:2640:13) @ http://localhost:3001/_next/static/chunks/94473_next_dist_5e9d9b1f._.js:2297
[   50333ms] [WARNING] %c%s%c Could not fetch tenants, database might not be initialized: background: #e6e6e6;background: light-dark(rgba(0,0,0,0.1), rgba(255,255,255,0.25));color: #000000;color: light-dark(#000000, #ffffff);border-radius: 2px  Server   NeonDbError: relation "tenants" does not exist
    at NeonHttpPreparedQuery.execute (about://React/Server/file:///Users/prueba/Downloads/MaatWork/apps/studio/.next/dev/server/chunks/ssr/3ae62__pnpm_26fecff4._.js?0:10943:24)
    at RootLayout (about://React/Server/file:///Users/prueba/Downloads/MaatWork/apps/studio/.next/dev/server/chunks/ssr/%5Broot-of-the-server%5D__0144d927._.js?1:259:22)
    at resolveErrorDev (http://localhost:3001/_next/static/chunks/94473_next_dist_compiled_react-server-dom-turbopack_8791dc96._.js:1894:106)
    at getOutlinedModel (http://localhost:3001/_next/static/chunks/94473_next_dist_compiled_react-server-dom-turbopack_8791dc96._.js:1447:28)
    at parseModelString (http://localhost:3001/_next/static/chunks/94473_next_dist_compiled_react-server-dom-turbopack_8791dc96._.js:1561:50)
    at Object.<anonymous> (http://localhost:3001/_next/static/chunks/94473_next_dist_compiled_react-server-dom-turbopack_8791dc96._.js:2486:55)
    at JSON.parse (<anonymous>)
    at initializeModelChunk (http://localhost:3001/_next/static/chunks/94473_next_dist_compiled_react-server-dom-turbopack_8791dc96._.js:1064:30)
    at getOutlinedModel (http://localhost:3001/_next/static/chunks/94473_next_dist_compiled_react-server-dom-turbopack_8791dc96._.js:1385:17)
    at parseModelString (http://localhost:3001/_next/static/chunks/94473_next_dist_compiled_react-server-dom-turbopack_8791dc96._.js:1615:50)
    at Array.<anonymous> (http://localhost:3001/_next/static/chunks/94473_next_dist_compiled_react-server-dom-turbopack_8791dc96._.js:2486:55)
    at JSON.parse (<anonymous>)
    at initializeModelChunk (http://localhost:3001/_next/static/chunks/94473_next_dist_compiled_react-server-dom-turbopack_8791dc96._.js:1064:30)
    at resolveConsoleEntry (http://localhost:3001/_next/static/chunks/94473_next_dist_compiled_react-server-dom-turbopack_8791dc96._.js:2020:96)
    at processFullStringRow (http://localhost:3001/_next/static/chunks/94473_next_dist_compiled_react-server-dom-turbopack_8791dc96._.js:2421:17)
    at processFullBinaryRow (http://localhost:3001/_next/static/chunks/94473_next_dist_compiled_react-server-dom-turbopack_8791dc96._.js:2361:9)
    at processBinaryChunk (http://localhost:3001/_next/static/chunks/94473_next_dist_compiled_react-server-dom-turbopack_8791dc96._.js:2470:221)
    at progress (http://localhost:3001/_next/static/chunks/94473_next_dist_compiled_react-server-dom-turbopack_8791dc96._.js:2640:13) @ http://localhost:3001/_next/static/chunks/94473_next_dist_5e9d9b1f._.js:2297
