[     835ms] [WARNING] %c%s%c Could not fetch tenants, database might not be initialized: background: #e6e6e6;background: light-dark(rgba(0,0,0,0.1), rgba(255,255,255,0.25));color: #000000;color: light-dark(#000000, #ffffff);border-radius: 2px  Server   NeonDbError: relation "tenants" does not exist
    at NeonHttpPreparedQuery.execute (about://React/Server/file:///Users/prueba/Downloads/MaatWork/apps/studio/.next/dev/server/chunks/ssr/3ae62__pnpm_26fecff4._.js?0:10943:24)
    at RootLayout (about://React/Server/file:///Users/prueba/Downloads/MaatWork/apps/studio/.next/dev/server/chunks/ssr/%5Broot-of-the-server%5D__0144d927._.js?1:259:22)
    at resolveErrorDev (http://localhost:3001/_next/static/chunks/94473_next_dist_compiled_react-server-dom-turbopack_8791dc96._.js:1894:106)
    at getOutlinedModel (http://localhost:3001/_next/static/chunks/94473_next_dist_compiled_react-server-dom-turbopack_8791dc96._.js:1447:28)
    at parseModelString (http://localhost:3001/_next/static/chunks/94473_next_dist_compiled_react-server-dom-turbopack_8791dc96._.js:1561:50)
    at Object.<anonymous> (http://localhost:3001/_next/static/chunks/94473_next_dist_compiled_react-server-dom-turbopack_8791dc96._.js:2486:55)
    at JSON.parse (<anonymous>)
    at initializeModelChunk (http://localhost:3001/_next/static/chunks/94473_next_dist_compiled_react-server-dom-turbopack_8791dc96._.js:1064:30)
    at getOutlinedModel (http://localhost:3001/_next/static/chunks/94473_next_dist_compiled_react-server-dom-turbopack_8791dc96._.js:1385:17)
    at parseModelString (http://localhost:3001/_next/static/chunks/94473_next_dist_compiled_react-server-dom-turbopack_8791dc96._.js:1615:50)
    at Array.<anonymous> (http://localhost:3001/_next/static/chunks/94473_next_dist_compiled_react-server-dom-turbopack_8791dc96._.js:2486:55)
    at JSON.parse (<anonymous>)
    at initializeModelChunk (http://localhost:3001/_next/static/chunks/94473_next_dist_compiled_react-server-dom-turbopack_8791dc96._.js:1064:30)
    at resolveConsoleEntry (http://localhost:3001/_next/static/chunks/94473_next_dist_compiled_react-server-dom-turbopack_8791dc96._.js:2020:96)
    at processFullStringRow (http://localhost:3001/_next/static/chunks/94473_next_dist_compiled_react-server-dom-turbopack_8791dc96._.js:2421:17)
    at processFullBinaryRow (http://localhost:3001/_next/static/chunks/94473_next_dist_compiled_react-server-dom-turbopack_8791dc96._.js:2361:9)
    at processBinaryChunk (http://localhost:3001/_next/static/chunks/94473_next_dist_compiled_react-server-dom-turbopack_8791dc96._.js:2470:221)
    at progress (http://localhost:3001/_next/static/chunks/94473_next_dist_compiled_react-server-dom-turbopack_8791dc96._.js:2640:13) @ http://localhost:3001/_next/static/chunks/94473_next_dist_5e9d9b1f._.js:2297
[   58454ms] [WARNING] %c%s%c Could not fetch tenants, database might not be initialized: background: #e6e6e6;background: light-dark(rgba(0,0,0,0.1), rgba(255,255,255,0.25));color: #000000;color: light-dark(#000000, #ffffff);border-radius: 2px  Server   NeonDbError: relation "tenants" does not exist
    at NeonHttpPreparedQuery.execute (about://React/Server/file:///Users/prueba/Downloads/MaatWork/apps/studio/.next/dev/server/chunks/ssr/3ae62__pnpm_26fecff4._.js?0:10943:24)
    at RootLayout (about://React/Server/file:///Users/prueba/Downloads/MaatWork/apps/studio/.next/dev/server/chunks/ssr/%5Broot-of-the-server%5D__0144d927._.js?1:259:22)
    at resolveErrorDev (http://localhost:3001/_next/static/chunks/94473_next_dist_compiled_react-server-dom-turbopack_8791dc96._.js:1894:106)
    at getOutlinedModel (http://localhost:3001/_next/static/chunks/94473_next_dist_compiled_react-server-dom-turbopack_8791dc96._.js:1447:28)
    at parseModelString (http://localhost:3001/_next/static/chunks/94473_next_dist_compiled_react-server-dom-turbopack_8791dc96._.js:1561:50)
    at Object.<anonymous> (http://localhost:3001/_next/static/chunks/94473_next_dist_compiled_react-server-dom-turbopack_8791dc96._.js:2486:55)
    at JSON.parse (<anonymous>)
    at initializeModelChunk (http://localhost:3001/_next/static/chunks/94473_next_dist_compiled_react-server-dom-turbopack_8791dc96._.js:1064:30)
    at getOutlinedModel (http://localhost:3001/_next/static/chunks/94473_next_dist_compiled_react-server-dom-turbopack_8791dc96._.js:1385:17)
    at parseModelString (http://localhost:3001/_next/static/chunks/94473_next_dist_compiled_react-server-dom-turbopack_8791dc96._.js:1615:50)
    at Array.<anonymous> (http://localhost:3001/_next/static/chunks/94473_next_dist_compiled_react-server-dom-turbopack_8791dc96._.js:2486:55)
    at JSON.parse (<anonymous>)
    at initializeModelChunk (http://localhost:3001/_next/static/chunks/94473_next_dist_compiled_react-server-dom-turbopack_8791dc96._.js:1064:30)
    at resolveConsoleEntry (http://localhost:3001/_next/static/chunks/94473_next_dist_compiled_react-server-dom-turbopack_8791dc96._.js:2020:96)
    at processFullStringRow (http://localhost:3001/_next/static/chunks/94473_next_dist_compiled_react-server-dom-turbopack_8791dc96._.js:2421:17)
    at processFullBinaryRow (http://localhost:3001/_next/static/chunks/94473_next_dist_compiled_react-server-dom-turbopack_8791dc96._.js:2361:9)
    at processBinaryChunk (http://localhost:3001/_next/static/chunks/94473_next_dist_compiled_react-server-dom-turbopack_8791dc96._.js:2470:221)
    at progress (http://localhost:3001/_next/static/chunks/94473_next_dist_compiled_react-server-dom-turbopack_8791dc96._.js:2640:13) @ http://localhost:3001/_next/static/chunks/94473_next_dist_5e9d9b1f._.js:2297
[   87545ms] [WARNING] %c%s%c Could not fetch tenants, database might not be initialized: background: #e6e6e6;background: light-dark(rgba(0,0,0,0.1), rgba(255,255,255,0.25));color: #000000;color: light-dark(#000000, #ffffff);border-radius: 2px  Server   NeonDbError: relation "tenants" does not exist
    at NeonHttpPreparedQuery.execute (about://React/Server/file:///Users/prueba/Downloads/MaatWork/apps/studio/.next/dev/server/chunks/ssr/3ae62__pnpm_26fecff4._.js?0:10943:24)
    at RootLayout (about://React/Server/file:///Users/prueba/Downloads/MaatWork/apps/studio/.next/dev/server/chunks/ssr/%5Broot-of-the-server%5D__0144d927._.js?1:259:22)
    at resolveErrorDev (http://localhost:3001/_next/static/chunks/94473_next_dist_compiled_react-server-dom-turbopack_8791dc96._.js:1894:106)
    at getOutlinedModel (http://localhost:3001/_next/static/chunks/94473_next_dist_compiled_react-server-dom-turbopack_8791dc96._.js:1447:28)
    at parseModelString (http://localhost:3001/_next/static/chunks/94473_next_dist_compiled_react-server-dom-turbopack_8791dc96._.js:1561:50)
    at Object.<anonymous> (http://localhost:3001/_next/static/chunks/94473_next_dist_compiled_react-server-dom-turbopack_8791dc96._.js:2486:55)
    at JSON.parse (<anonymous>)
    at initializeModelChunk (http://localhost:3001/_next/static/chunks/94473_next_dist_compiled_react-server-dom-turbopack_8791dc96._.js:1064:30)
    at getOutlinedModel (http://localhost:3001/_next/static/chunks/94473_next_dist_compiled_react-server-dom-turbopack_8791dc96._.js:1385:17)
    at parseModelString (http://localhost:3001/_next/static/chunks/94473_next_dist_compiled_react-server-dom-turbopack_8791dc96._.js:1615:50)
    at Array.<anonymous> (http://localhost:3001/_next/static/chunks/94473_next_dist_compiled_react-server-dom-turbopack_8791dc96._.js:2486:55)
    at JSON.parse (<anonymous>)
    at initializeModelChunk (http://localhost:3001/_next/static/chunks/94473_next_dist_compiled_react-server-dom-turbopack_8791dc96._.js:1064:30)
    at resolveConsoleEntry (http://localhost:3001/_next/static/chunks/94473_next_dist_compiled_react-server-dom-turbopack_8791dc96._.js:2020:96)
    at processFullStringRow (http://localhost:3001/_next/static/chunks/94473_next_dist_compiled_react-server-dom-turbopack_8791dc96._.js:2421:17)
    at processFullBinaryRow (http://localhost:3001/_next/static/chunks/94473_next_dist_compiled_react-server-dom-turbopack_8791dc96._.js:2361:9)
    at processBinaryChunk (http://localhost:3001/_next/static/chunks/94473_next_dist_compiled_react-server-dom-turbopack_8791dc96._.js:2470:221)
    at progress (http://localhost:3001/_next/static/chunks/94473_next_dist_compiled_react-server-dom-turbopack_8791dc96._.js:2640:13) @ http://localhost:3001/_next/static/chunks/94473_next_dist_5e9d9b1f._.js:2297
[  127369ms] [ERROR] Failed to load resource: the server responded with a status of 500 (Internal Server Error) @ http://localhost:3001/:0
[  127480ms] [ERROR] %c%s%c Only plain objects can be passed to Client Components from Server Components. Classes or other objects with methods are not supported.%s background: #e6e6e6;background: light-dark(rgba(0,0,0,0.1), rgba(255,255,255,0.25));color: #000000;color: light-dark(#000000, #ffffff);border-radius: 2px  Server   
  {id: "1", title: ..., description: ..., timestamp: ..., icon: {$$typeof: ..., render: ...}, variant: ...}
                                                                ^^^^^^^^^^^^^^^^^^^^^^^^^^^^ @ http://localhost:3001/_next/static/chunks/94473_next_dist_5e9d9b1f._.js:3127
[  127482ms] [ERROR] %c%s%c Only plain objects can be passed to Client Components from Server Components. Classes or other objects with methods are not supported.%s background: #e6e6e6;background: light-dark(rgba(0,0,0,0.1), rgba(255,255,255,0.25));color: #000000;color: light-dark(#000000, #ffffff);border-radius: 2px  Server   
  {id: "2", title: ..., description: ..., timestamp: ..., icon: {$$typeof: ..., render: ...}, variant: ...}
                                                                ^^^^^^^^^^^^^^^^^^^^^^^^^^^^ @ http://localhost:3001/_next/static/chunks/94473_next_dist_5e9d9b1f._.js:3127
[  127484ms] [ERROR] %c%s%c Only plain objects can be passed to Client Components from Server Components. Classes or other objects with methods are not supported.%s background: #e6e6e6;background: light-dark(rgba(0,0,0,0.1), rgba(255,255,255,0.25));color: #000000;color: light-dark(#000000, #ffffff);border-radius: 2px  Server   
  {id: "3", title: ..., description: ..., timestamp: ..., icon: {$$typeof: ..., render: ...}, variant: ...}
                                                                ^^^^^^^^^^^^^^^^^^^^^^^^^^^^ @ http://localhost:3001/_next/static/chunks/94473_next_dist_5e9d9b1f._.js:3127
[  127485ms] [ERROR] %c%s%c Only plain objects can be passed to Client Components from Server Components. Classes or other objects with methods are not supported.%s background: #e6e6e6;background: light-dark(rgba(0,0,0,0.1), rgba(255,255,255,0.25));color: #000000;color: light-dark(#000000, #ffffff);border-radius: 2px  Server   
  {id: "4", title: ..., description: ..., timestamp: ..., icon: {$$typeof: ..., render: ...}, variant: ...}
                                                                ^^^^^^^^^^^^^^^^^^^^^^^^^^^^ @ http://localhost:3001/_next/static/chunks/94473_next_dist_5e9d9b1f._.js:3127
[  127485ms] [WARNING] %c%s%c Could not fetch tenants, database might not be initialized: background: #e6e6e6;background: light-dark(rgba(0,0,0,0.1), rgba(255,255,255,0.25));color: #000000;color: light-dark(#000000, #ffffff);border-radius: 2px  Server   NeonDbError: relation "tenants" does not exist
    at NeonHttpPreparedQuery.execute (about://React/Server/file:///Users/prueba/Downloads/MaatWork/apps/studio/.next/dev/server/chunks/ssr/3ae62__pnpm_26fecff4._.js?22:10943:24)
    at RootLayout (about://React/Server/file:///Users/prueba/Downloads/MaatWork/apps/studio/.next/dev/server/chunks/ssr/%5Broot-of-the-server%5D__0144d927._.js?23:259:22)
    at resolveErrorDev (http://localhost:3001/_next/static/chunks/94473_next_dist_compiled_react-server-dom-turbopack_8791dc96._.js:1894:106)
    at getOutlinedModel (http://localhost:3001/_next/static/chunks/94473_next_dist_compiled_react-server-dom-turbopack_8791dc96._.js:1447:28)
    at parseModelString (http://localhost:3001/_next/static/chunks/94473_next_dist_compiled_react-server-dom-turbopack_8791dc96._.js:1561:50)
    at Object.<anonymous> (http://localhost:3001/_next/static/chunks/94473_next_dist_compiled_react-server-dom-turbopack_8791dc96._.js:2486:55)
    at JSON.parse (<anonymous>)
    at initializeModelChunk (http://localhost:3001/_next/static/chunks/94473_next_dist_compiled_react-server-dom-turbopack_8791dc96._.js:1064:30)
    at getOutlinedModel (http://localhost:3001/_next/static/chunks/94473_next_dist_compiled_react-server-dom-turbopack_8791dc96._.js:1385:17)
    at parseModelString (http://localhost:3001/_next/static/chunks/94473_next_dist_compiled_react-server-dom-turbopack_8791dc96._.js:1615:50)
    at Array.<anonymous> (http://localhost:3001/_next/static/chunks/94473_next_dist_compiled_react-server-dom-turbopack_8791dc96._.js:2486:55)
    at JSON.parse (<anonymous>)
    at initializeModelChunk (http://localhost:3001/_next/static/chunks/94473_next_dist_compiled_react-server-dom-turbopack_8791dc96._.js:1064:30)
    at resolveConsoleEntry (http://localhost:3001/_next/static/chunks/94473_next_dist_compiled_react-server-dom-turbopack_8791dc96._.js:2020:96)
    at processFullStringRow (http://localhost:3001/_next/static/chunks/94473_next_dist_compiled_react-server-dom-turbopack_8791dc96._.js:2421:17)
    at processFullBinaryRow (http://localhost:3001/_next/static/chunks/94473_next_dist_compiled_react-server-dom-turbopack_8791dc96._.js:2361:9)
    at processBinaryChunk (http://localhost:3001/_next/static/chunks/94473_next_dist_compiled_react-server-dom-turbopack_8791dc96._.js:2470:221)
    at progress (http://localhost:3001/_next/static/chunks/94473_next_dist_compiled_react-server-dom-turbopack_8791dc96._.js:2640:13) @ http://localhost:3001/_next/static/chunks/94473_next_dist_5e9d9b1f._.js:2297
[  127658ms] NeonDbError: relation "tenants" does not exist
    at  NeonHttpPreparedQuery.execute (about://React/Server/file:///Users/prueba/Downloads/MaatWork/apps/studio/.next/dev/server/chunks/ssr/3ae62__pnpm_26fecff4._.js?35:10943:24)
    at  StudioKPIs (about://React/Server/file:///Users/prueba/Downloads/MaatWork/apps/studio/.next/dev/server/chunks/ssr/%5Broot-of-the-server%5D__81d8eb37._.js?36:1780:42)
    at resolveErrorDev (http://localhost:3001/_next/static/chunks/94473_next_dist_compiled_react-server-dom-turbopack_8791dc96._.js:1894:148)
    at processFullStringRow (http://localhost:3001/_next/static/chunks/94473_next_dist_compiled_react-server-dom-turbopack_8791dc96._.js:2402:29)
    at processFullBinaryRow (http://localhost:3001/_next/static/chunks/94473_next_dist_compiled_react-server-dom-turbopack_8791dc96._.js:2361:9)
    at processBinaryChunk (http://localhost:3001/_next/static/chunks/94473_next_dist_compiled_react-server-dom-turbopack_8791dc96._.js:2470:221)
    at progress (http://localhost:3001/_next/static/chunks/94473_next_dist_compiled_react-server-dom-turbopack_8791dc96._.js:2640:13)
[  130716ms] [WARNING] The resource http://localhost:3001/_next/static/chunks/Downloads_MaatWork_apps_studio_app_globals_520f2214.css was preloaded using link preload but not used within a few seconds from the window's load event. Please make sure it has an appropriate `as` value and it is preloaded intentionally. @ http://localhost:3001/:0
[  222399ms] [WARNING] [Fast Refresh] performing full reload because your application had an unrecoverable error @ http://localhost:3001/_next/static/chunks/94473_next_dist_5e9d9b1f._.js:2297
[  225606ms] [WARNING] The resource http://localhost:3001/_next/static/chunks/Downloads_MaatWork_apps_studio_app_globals_520f2214.css was preloaded using link preload but not used within a few seconds from the window's load event. Please make sure it has an appropriate `as` value and it is preloaded intentionally. @ http://localhost:3001/:0
[  227968ms] [ERROR] Failed to load resource: the server responded with a status of 500 (Internal Server Error) @ http://localhost:3001/:0
[  228126ms] [ERROR] %c%s%c Only plain objects can be passed to Client Components from Server Components. Classes or other objects with methods are not supported.%s background: #e6e6e6;background: light-dark(rgba(0,0,0,0.1), rgba(255,255,255,0.25));color: #000000;color: light-dark(#000000, #ffffff);border-radius: 2px  Server   
  {id: "1", title: ..., description: ..., timestamp: ..., icon: {$$typeof: ..., render: ...}, variant: ...}
                                                                ^^^^^^^^^^^^^^^^^^^^^^^^^^^^ @ http://localhost:3001/_next/static/chunks/94473_next_dist_5e9d9b1f._.js:3127
[  228127ms] [ERROR] %c%s%c Only plain objects can be passed to Client Components from Server Components. Classes or other objects with methods are not supported.%s background: #e6e6e6;background: light-dark(rgba(0,0,0,0.1), rgba(255,255,255,0.25));color: #000000;color: light-dark(#000000, #ffffff);border-radius: 2px  Server   
  {id: "2", title: ..., description: ..., timestamp: ..., icon: {$$typeof: ..., render: ...}, variant: ...}
                                                                ^^^^^^^^^^^^^^^^^^^^^^^^^^^^ @ http://localhost:3001/_next/static/chunks/94473_next_dist_5e9d9b1f._.js:3127
[  228127ms] [ERROR] %c%s%c Only plain objects can be passed to Client Components from Server Components. Classes or other objects with methods are not supported.%s background: #e6e6e6;background: light-dark(rgba(0,0,0,0.1), rgba(255,255,255,0.25));color: #000000;color: light-dark(#000000, #ffffff);border-radius: 2px  Server   
  {id: "3", title: ..., description: ..., timestamp: ..., icon: {$$typeof: ..., render: ...}, variant: ...}
                                                                ^^^^^^^^^^^^^^^^^^^^^^^^^^^^ @ http://localhost:3001/_next/static/chunks/94473_next_dist_5e9d9b1f._.js:3127
[  228130ms] [ERROR] %c%s%c Only plain objects can be passed to Client Components from Server Components. Classes or other objects with methods are not supported.%s background: #e6e6e6;background: light-dark(rgba(0,0,0,0.1), rgba(255,255,255,0.25));color: #000000;color: light-dark(#000000, #ffffff);border-radius: 2px  Server   
  {id: "4", title: ..., description: ..., timestamp: ..., icon: {$$typeof: ..., render: ...}, variant: ...}
                                                                ^^^^^^^^^^^^^^^^^^^^^^^^^^^^ @ http://localhost:3001/_next/static/chunks/94473_next_dist_5e9d9b1f._.js:3127
[  228137ms] [WARNING] %c%s%c Could not fetch tenants, database might not be initialized: background: #e6e6e6;background: light-dark(rgba(0,0,0,0.1), rgba(255,255,255,0.25));color: #000000;color: light-dark(#000000, #ffffff);border-radius: 2px  Server   NeonDbError: relation "tenants" does not exist
    at NeonHttpPreparedQuery.execute (about://React/Server/file:///Users/prueba/Downloads/MaatWork/apps/studio/.next/dev/server/chunks/ssr/3ae62__pnpm_26fecff4._.js?34:10943:24)
    at RootLayout (about://React/Server/file:///Users/prueba/Downloads/MaatWork/apps/studio/.next/dev/server/chunks/ssr/%5Broot-of-the-server%5D__0144d927._.js?35:259:22)
    at resolveErrorDev (http://localhost:3001/_next/static/chunks/94473_next_dist_compiled_react-server-dom-turbopack_8791dc96._.js:1894:106)
    at getOutlinedModel (http://localhost:3001/_next/static/chunks/94473_next_dist_compiled_react-server-dom-turbopack_8791dc96._.js:1447:28)
    at parseModelString (http://localhost:3001/_next/static/chunks/94473_next_dist_compiled_react-server-dom-turbopack_8791dc96._.js:1561:50)
    at Object.<anonymous> (http://localhost:3001/_next/static/chunks/94473_next_dist_compiled_react-server-dom-turbopack_8791dc96._.js:2486:55)
    at JSON.parse (<anonymous>)
    at initializeModelChunk (http://localhost:3001/_next/static/chunks/94473_next_dist_compiled_react-server-dom-turbopack_8791dc96._.js:1064:30)
    at getOutlinedModel (http://localhost:3001/_next/static/chunks/94473_next_dist_compiled_react-server-dom-turbopack_8791dc96._.js:1385:17)
    at parseModelString (http://localhost:3001/_next/static/chunks/94473_next_dist_compiled_react-server-dom-turbopack_8791dc96._.js:1615:50)
    at Array.<anonymous> (http://localhost:3001/_next/static/chunks/94473_next_dist_compiled_react-server-dom-turbopack_8791dc96._.js:2486:55)
    at JSON.parse (<anonymous>)
    at initializeModelChunk (http://localhost:3001/_next/static/chunks/94473_next_dist_compiled_react-server-dom-turbopack_8791dc96._.js:1064:30)
    at resolveConsoleEntry (http://localhost:3001/_next/static/chunks/94473_next_dist_compiled_react-server-dom-turbopack_8791dc96._.js:2020:96)
    at processFullStringRow (http://localhost:3001/_next/static/chunks/94473_next_dist_compiled_react-server-dom-turbopack_8791dc96._.js:2421:17)
    at processFullBinaryRow (http://localhost:3001/_next/static/chunks/94473_next_dist_compiled_react-server-dom-turbopack_8791dc96._.js:2361:9)
    at processBinaryChunk (http://localhost:3001/_next/static/chunks/94473_next_dist_compiled_react-server-dom-turbopack_8791dc96._.js:2470:221)
    at progress (http://localhost:3001/_next/static/chunks/94473_next_dist_compiled_react-server-dom-turbopack_8791dc96._.js:2640:13) @ http://localhost:3001/_next/static/chunks/94473_next_dist_5e9d9b1f._.js:2297
[  228301ms] NeonDbError: relation "tenants" does not exist
    at  NeonHttpPreparedQuery.execute (about://React/Server/file:///Users/prueba/Downloads/MaatWork/apps/studio/.next/dev/server/chunks/ssr/3ae62__pnpm_26fecff4._.js?32:10943:24)
    at  StudioKPIs (about://React/Server/file:///Users/prueba/Downloads/MaatWork/apps/studio/.next/dev/server/chunks/ssr/%5Broot-of-the-server%5D__81d8eb37._.js?33:1780:42)
    at resolveErrorDev (http://localhost:3001/_next/static/chunks/94473_next_dist_compiled_react-server-dom-turbopack_8791dc96._.js:1894:148)
    at processFullStringRow (http://localhost:3001/_next/static/chunks/94473_next_dist_compiled_react-server-dom-turbopack_8791dc96._.js:2402:29)
    at processFullBinaryRow (http://localhost:3001/_next/static/chunks/94473_next_dist_compiled_react-server-dom-turbopack_8791dc96._.js:2361:9)
    at processBinaryChunk (http://localhost:3001/_next/static/chunks/94473_next_dist_compiled_react-server-dom-turbopack_8791dc96._.js:2470:221)
    at progress (http://localhost:3001/_next/static/chunks/94473_next_dist_compiled_react-server-dom-turbopack_8791dc96._.js:2640:13)
[  231332ms] [WARNING] The resource http://localhost:3001/_next/static/chunks/Downloads_MaatWork_apps_studio_app_globals_520f2214.css was preloaded using link preload but not used within a few seconds from the window's load event. Please make sure it has an appropriate `as` value and it is preloaded intentionally. @ http://localhost:3001/:0
