[    8187ms] [WARNING] The resource http://localhost:3001/_next/static/chunks/Downloads_MaatWork_apps_studio_app_globals_520f2214.css was preloaded using link preload but not used within a few seconds from the window's load event. Please make sure it has an appropriate `as` value and it is preloaded intentionally. @ http://localhost:3001/tenants/maatwork-hq:0
[  453245ms] [WARNING] The resource http://localhost:3001/_next/static/chunks/Downloads_MaatWork_apps_studio_app_globals_520f2214.css was preloaded using link preload but not used within a few seconds from the window's load event. Please make sure it has an appropriate `as` value and it is preloaded intentionally. @ http://localhost:3001/tenants/maatwork-hq:0
[ 1132591ms] [ERROR] WebSocket connection to 'ws://localhost:3001/_next/webpack-hmr?id=lswHi9PyA53JPhlcAiUUt' failed: Error in connection establishment: net::ERR_CONNECTION_REFUSED @ http://localhost:3001/_next/static/chunks/94473_next_dist_client_4dbc6c08._.js:10878
[ 1133608ms] [ERROR] WebSocket connection to 'ws://localhost:3001/_next/webpack-hmr?id=lswHi9PyA53JPhlcAiUUt' failed: Error in connection establishment: net::ERR_CONNECTION_REFUSED @ http://localhost:3001/_next/static/chunks/94473_next_dist_client_4dbc6c08._.js:10878
[ 1134620ms] [ERROR] WebSocket connection to 'ws://localhost:3001/_next/webpack-hmr?id=lswHi9PyA53JPhlcAiUUt' failed: Error in connection establishment: net::ERR_CONNECTION_REFUSED @ http://localhost:3001/_next/static/chunks/94473_next_dist_client_4dbc6c08._.js:10878
[ 1135627ms] [ERROR] WebSocket connection to 'ws://localhost:3001/_next/webpack-hmr?id=lswHi9PyA53JPhlcAiUUt' failed: Error in connection establishment: net::ERR_CONNECTION_REFUSED @ http://localhost:3001/_next/static/chunks/94473_next_dist_client_4dbc6c08._.js:10878
[ 1136637ms] [ERROR] WebSocket connection to 'ws://localhost:3001/_next/webpack-hmr?id=lswHi9PyA53JPhlcAiUUt' failed: Error in connection establishment: net::ERR_CONNECTION_REFUSED @ http://localhost:3001/_next/static/chunks/94473_next_dist_client_4dbc6c08._.js:10878
[ 1141643ms] [ERROR] WebSocket connection to 'ws://localhost:3001/_next/webpack-hmr?id=lswHi9PyA53JPhlcAiUUt' failed: Error in connection establishment: net::ERR_CONNECTION_REFUSED @ http://localhost:3001/_next/static/chunks/94473_next_dist_client_4dbc6c08._.js:10878
[ 1146653ms] [ERROR] WebSocket connection to 'ws://localhost:3001/_next/webpack-hmr?id=lswHi9PyA53JPhlcAiUUt' failed: Error in connection establishment: net::ERR_CONNECTION_REFUSED @ http://localhost:3001/_next/static/chunks/94473_next_dist_client_4dbc6c08._.js:10878
[ 1151673ms] [ERROR] WebSocket connection to 'ws://localhost:3001/_next/webpack-hmr?id=lswHi9PyA53JPhlcAiUUt' failed: Error in connection establishment: net::ERR_CONNECTION_REFUSED @ http://localhost:3001/_next/static/chunks/94473_next_dist_client_4dbc6c08._.js:10878
[ 1156714ms] [ERROR] WebSocket connection to 'ws://localhost:3001/_next/webpack-hmr?id=lswHi9PyA53JPhlcAiUUt' failed: Error in connection establishment: net::ERR_CONNECTION_REFUSED @ http://localhost:3001/_next/static/chunks/94473_next_dist_client_4dbc6c08._.js:10878
[ 1161747ms] [ERROR] WebSocket connection to 'ws://localhost:3001/_next/webpack-hmr?id=lswHi9PyA53JPhlcAiUUt' failed: Error in connection establishment: net::ERR_CONNECTION_REFUSED @ http://localhost:3001/_next/static/chunks/94473_next_dist_client_4dbc6c08._.js:10878
[ 1166891ms] [ERROR] WebSocket connection to 'ws://localhost:3001/_next/webpack-hmr?id=lswHi9PyA53JPhlcAiUUt' failed: Error in connection establishment: net::ERR_CONNECTION_REFUSED @ http://localhost:3001/_next/static/chunks/94473_next_dist_client_4dbc6c08._.js:10878
[ 1172148ms] [ERROR] WebSocket connection to 'ws://localhost:3001/_next/webpack-hmr?id=lswHi9PyA53JPhlcAiUUt' failed: Error in connection establishment: net::ERR_CONNECTION_REFUSED @ http://localhost:3001/_next/static/chunks/94473_next_dist_client_4dbc6c08._.js:10878
[ 2007562ms] [WARNING] The resource http://localhost:3001/_next/static/chunks/Downloads_MaatWork_apps_studio_app_globals_520f2214.css was preloaded using link preload but not used within a few seconds from the window's load event. Please make sure it has an appropriate `as` value and it is preloaded intentionally. @ http://localhost:3001/tenants/maatwork-hq:0
[ 2150914ms] [WARNING] The resource http://localhost:3001/_next/static/chunks/Downloads_MaatWork_apps_studio_app_globals_520f2214.css was preloaded using link preload but not used within a few seconds from the window's load event. Please make sure it has an appropriate `as` value and it is preloaded intentionally. @ http://localhost:3001/tenants/maatwork-hq:0
[ 2618455ms] [WARNING] The resource http://localhost:3001/_next/static/chunks/Downloads_MaatWork_apps_studio_app_globals_520f2214.css was preloaded using link preload but not used within a few seconds from the window's load event. Please make sure it has an appropriate `as` value and it is preloaded intentionally. @ http://localhost:3001/tenants/maatwork-hq:0
[ 2792195ms] [WARNING] The resource http://localhost:3001/_next/static/chunks/Downloads_MaatWork_apps_studio_app_globals_520f2214.css was preloaded using link preload but not used within a few seconds from the window's load event. Please make sure it has an appropriate `as` value and it is preloaded intentionally. @ http://localhost:3001/tenants/maatwork-hq:0
[ 3083089ms] [WARNING] The resource http://localhost:3001/_next/static/chunks/Downloads_MaatWork_apps_studio_app_globals_520f2214.css was preloaded using link preload but not used within a few seconds from the window's load event. Please make sure it has an appropriate `as` value and it is preloaded intentionally. @ http://localhost:3001/tenants/maatwork-hq:0
[ 3091662ms] [WARNING] The resource http://localhost:3001/_next/static/chunks/Downloads_MaatWork_apps_studio_app_globals_520f2214.css was preloaded using link preload but not used within a few seconds from the window's load event. Please make sure it has an appropriate `as` value and it is preloaded intentionally. @ http://localhost:3001/tenants/maatwork-hq:0
[ 3112092ms] [WARNING] The resource http://localhost:3001/_next/static/chunks/Downloads_MaatWork_apps_studio_app_globals_520f2214.css was preloaded using link preload but not used within a few seconds from the window's load event. Please make sure it has an appropriate `as` value and it is preloaded intentionally. @ http://localhost:3001/tenants/maatwork-hq:0
[ 3146498ms] [WARNING] The resource http://localhost:3001/_next/static/chunks/Downloads_MaatWork_apps_studio_app_globals_520f2214.css was preloaded using link preload but not used within a few seconds from the window's load event. Please make sure it has an appropriate `as` value and it is preloaded intentionally. @ http://localhost:3001/tenants/maatwork-hq:0
[ 5054300ms] [WARNING] The resource http://localhost:3001/_next/static/chunks/Downloads_MaatWork_apps_studio_app_globals_520f2214.css was preloaded using link preload but not used within a few seconds from the window's load event. Please make sure it has an appropriate `as` value and it is preloaded intentionally. @ http://localhost:3001/tenants/maatwork-hq:0
[ 5119016ms] [WARNING] The resource http://localhost:3001/_next/static/chunks/Downloads_MaatWork_apps_studio_app_globals_520f2214.css was preloaded using link preload but not used within a few seconds from the window's load event. Please make sure it has an appropriate `as` value and it is preloaded intentionally. @ http://localhost:3001/tenants/maatwork-hq:0
[ 5125755ms] [WARNING] The resource http://localhost:3001/_next/static/chunks/Downloads_MaatWork_apps_studio_app_globals_520f2214.css was preloaded using link preload but not used within a few seconds from the window's load event. Please make sure it has an appropriate `as` value and it is preloaded intentionally. @ http://localhost:3001/tenants/maatwork-hq:0
[ 5261859ms] [WARNING] The resource http://localhost:3001/_next/static/chunks/Downloads_MaatWork_apps_studio_app_globals_520f2214.css was preloaded using link preload but not used within a few seconds from the window's load event. Please make sure it has an appropriate `as` value and it is preloaded intentionally. @ http://localhost:3001/tenants/maatwork-hq:0
[ 5289498ms] [WARNING] The resource http://localhost:3001/_next/static/chunks/Downloads_MaatWork_apps_studio_app_globals_520f2214.css was preloaded using link preload but not used within a few seconds from the window's load event. Please make sure it has an appropriate `as` value and it is preloaded intentionally. @ http://localhost:3001/tenants/maatwork-hq:0
[ 5357211ms] [WARNING] The resource http://localhost:3001/_next/static/chunks/Downloads_MaatWork_apps_studio_app_globals_520f2214.css was preloaded using link preload but not used within a few seconds from the window's load event. Please make sure it has an appropriate `as` value and it is preloaded intentionally. @ http://localhost:3001/tenants/maatwork-hq:0
[ 5374470ms] [WARNING] [Fast Refresh] performing full reload because your application had an unrecoverable error @ http://localhost:3001/_next/static/chunks/94473_next_dist_5e9d9b1f._.js:2297
[ 5378317ms] [WARNING] The resource http://localhost:3001/_next/static/chunks/Downloads_MaatWork_apps_studio_app_globals_520f2214.css was preloaded using link preload but not used within a few seconds from the window's load event. Please make sure it has an appropriate `as` value and it is preloaded intentionally. @ http://localhost:3001/tenants/maatwork-hq:0
[ 5614617ms] [ERROR] Failed to load resource: the server responded with a status of 404 (Not Found) @ http://localhost:3001/tenants/maatwork-hq?_rsc=f9s4z:0
[ 5621084ms] [WARNING] [Fast Refresh] performing full reload

Fast Refresh will perform a full reload when you edit a file that's imported by modules outside of the React rendering tree.
You might have a file which exports a React component but also exports a value that is imported by a non-React component file.
Consider migrating the non-React component export to a separate file and importing it into both files.

It is also possible the parent component of the component you edited is a class component, which disables Fast Refresh.
Fast Refresh requires at least one parent function component in your React tree. @ http://localhost:3001/_next/static/chunks/94473_next_dist_5e9d9b1f._.js:2297
[ 5621105ms] [WARNING] [Fast Refresh] performing full reload because your application had an unrecoverable error @ http://localhost:3001/_next/static/chunks/94473_next_dist_5e9d9b1f._.js:2297
[ 5623712ms] [ERROR] Failed to load resource: the server responded with a status of 404 (Not Found) @ http://localhost:3001/tenants/maatwork-hq?_rsc=f9s4z:0
[ 5623811ms] [ERROR] Failed to load resource: the server responded with a status of 404 (Not Found) @ http://localhost:3001/tenants/maatwork-hq?_rsc=f9s4z:0
[ 5623874ms] [ERROR] Failed to load resource: the server responded with a status of 404 (Not Found) @ http://localhost:3001/tenants/maatwork-hq?_rsc=f9s4z:0
[ 5624111ms] [WARNING] The resource http://localhost:3001/_next/static/chunks/Downloads_MaatWork_apps_studio_app_globals_520f2214.css was preloaded using link preload but not used within a few seconds from the window's load event. Please make sure it has an appropriate `as` value and it is preloaded intentionally. @ http://localhost:3001/tenants/maatwork-hq:0
[ 5624237ms] [ERROR] Failed to load resource: the server responded with a status of 404 (Not Found) @ http://localhost:3001/tenants/maatwork-hq?_rsc=f9s4z:0
[ 5624347ms] [ERROR] Failed to load resource: the server responded with a status of 404 (Not Found) @ http://localhost:3001/tenants/maatwork-hq?_rsc=f9s4z:0
[ 5625017ms] [ERROR] Failed to load resource: the server responded with a status of 404 (Not Found) @ http://localhost:3001/tenants/maatwork-hq?_rsc=f9s4z:0
[ 5625104ms] [ERROR] Failed to load resource: the server responded with a status of 404 (Not Found) @ http://localhost:3001/tenants/maatwork-hq?_rsc=f9s4z:0
[ 5625139ms] [ERROR] Failed to load resource: the server responded with a status of 404 (Not Found) @ http://localhost:3001/tenants/maatwork-hq?_rsc=f9s4z:0
[ 5625181ms] [ERROR] Failed to load resource: the server responded with a status of 404 (Not Found) @ http://localhost:3001/tenants/maatwork-hq?_rsc=f9s4z:0
[ 5625267ms] [ERROR] Failed to load resource: the server responded with a status of 404 (Not Found) @ http://localhost:3001/tenants/maatwork-hq?_rsc=f9s4z:0
[ 5626048ms] [ERROR] Failed to load resource: the server responded with a status of 404 (Not Found) @ http://localhost:3001/tenants/maatwork-hq?_rsc=f9s4z:0
[ 5626077ms] [ERROR] Failed to load resource: the server responded with a status of 404 (Not Found) @ http://localhost:3001/tenants/maatwork-hq?_rsc=f9s4z:0
[ 5626262ms] [ERROR] Failed to load resource: the server responded with a status of 404 (Not Found) @ http://localhost:3001/tenants/maatwork-hq:0
[ 5708560ms] [ERROR] Failed to load resource: net::ERR_INCOMPLETE_CHUNKED_ENCODING @ http://localhost:3001/_next/static/chunks/9d320_%40swc_helpers_cjs_f8b1e4b1._.js:0
[ 5708564ms] [ERROR] Failed to load resource: net::ERR_CONNECTION_REFUSED @ http://localhost:3001/_next/static/chunks/Downloads_MaatWork_9cf71899._.js:0
[ 5708564ms] [ERROR] Failed to load resource: net::ERR_CONNECTION_REFUSED @ http://localhost:3001/_next/static/chunks/aea0b_next_aefa2b2a._.js:0
[ 5708565ms] [ERROR] Failed to load resource: net::ERR_CONNECTION_REFUSED @ http://localhost:3001/_next/static/chunks/80ffb_tailwind-merge_dist_bundle-mjs_mjs_267e8f0f._.js:0
[ 5708566ms] [ERROR] Failed to load resource: net::ERR_CONNECTION_REFUSED @ http://localhost:3001/_next/static/chunks/a4256_react-hook-form_dist_index_esm_mjs_7ad149f8._.js:0
[ 5708566ms] [ERROR] Failed to load resource: net::ERR_CONNECTION_REFUSED @ http://localhost:3001/_next/static/chunks/295c8_%40radix-ui_react-select_dist_index_mjs_e8388995._.js:0
[ 5708566ms] [ERROR] Failed to load resource: net::ERR_CONNECTION_REFUSED @ http://localhost:3001/_next/static/chunks/3ae62__pnpm_6da4d4db._.js:0
[ 5708566ms] [ERROR] Failed to load resource: net::ERR_CONNECTION_REFUSED @ http://localhost:3001/_next/static/chunks/Downloads_MaatWork_apps_studio_app_layout_tsx_1ed62c12._.js:0
[ 5708566ms] [ERROR] Failed to load resource: net::ERR_CONNECTION_REFUSED @ http://localhost:3001/_next/static/chunks/Downloads_MaatWork_apps_studio_app_loading_tsx_d123180d._.js:0
[ 5708566ms] [ERROR] Failed to load resource: net::ERR_CONNECTION_REFUSED @ http://localhost:3001/_next/static/chunks/turbopack-Downloads_MaatWork_apps_studio_43e76d08._.js:0
[ 5708572ms] [ERROR] Failed to load resource: net::ERR_INCOMPLETE_CHUNKED_ENCODING @ http://localhost:3001/_next/static/chunks/aea0b_next_dist_client_e9ed2ce8._.js:0
[ 5708574ms] [ERROR] Failed to load resource: net::ERR_INCOMPLETE_CHUNKED_ENCODING @ http://localhost:3001/_next/static/chunks/aea0b_next_dist_5463c0ab._.js:0
[ 5708576ms] [ERROR] Failed to load resource: net::ERR_INCOMPLETE_CHUNKED_ENCODING @ http://localhost:3001/_next/static/chunks/aea0b_next_dist_compiled_next-devtools_index_71507aed.js:0
[ 5708578ms] [ERROR] Failed to load resource: net::ERR_INCOMPLETE_CHUNKED_ENCODING @ http://localhost:3001/_next/static/chunks/aea0b_next_dist_compiled_react-dom_17e4df6a._.js:0
[ 5708791ms] [ERROR] Failed to load resource: net::ERR_CONNECTION_REFUSED @ http://localhost:3001/favicon.ico:0
