[     962ms] Error: Hydration failed because the server rendered text didn't match the client. As a result this tree will be regenerated on the client. This can happen if a SSR-ed Client Component used:

- A server/client branch `if (typeof window !== 'undefined')`.
- Variable input such as `Date.now()` or `Math.random()` which changes each time it's called.
- Date formatting in a user's locale which doesn't match the server.
- External changing data without sending a snapshot of it along with the HTML.
- Invalid HTML tag nesting.

It can also happen if the client has a browser extension installed which messes with the HTML before React loaded.

https://react.dev/link/hydration-mismatch

  ...
    <SegmentViewNode type="page" pagePath="/Downloads...">
      <SegmentTrieNode>
      <PipelinePage>
        <div className="space-y-6 ...">
          <div>
          <Suspense fallback={<div>}>
            <KanbanBoard initialLeads={[...]}>
              <div className="flex gap-4...">
                <div className="flex-1 min..." onDragOver={function handleDragOver} onDrop={function onDrop}>
                  <div>
                  <div className="flex flex-...">
                    <_c draggable={true} onDragStart={function onDragStart} className="cursor-gra...">
                      <div ref={null} className="rounded-lg..." draggable={true} onDragStart={function onDragStart}>
                        <_c2>
                        <_c8 className="p-4 pt-0">
                          <div ref={null} className="p-4 pt-0">
                            <div className="text-[10px...">
                              <span>
                              <span>
+                               1/3/2026
-                               3/1/2026
                ...
    ...

    at throwOnHydrationMismatch (http://localhost:3001/_next/static/chunks/94473_next_dist_compiled_react-dom_19d38c6e._.js:3348:56)
    at prepareToHydrateHostInstance (http://localhost:3001/_next/static/chunks/94473_next_dist_compiled_react-dom_19d38c6e._.js:3402:23)
    at completeWork (http://localhost:3001/_next/static/chunks/94473_next_dist_compiled_react-dom_19d38c6e._.js:6934:60)
    at runWithFiberInDEV (http://localhost:3001/_next/static/chunks/94473_next_dist_compiled_react-dom_19d38c6e._.js:965:74)
    at completeUnitOfWork (http://localhost:3001/_next/static/chunks/94473_next_dist_compiled_react-dom_19d38c6e._.js:9627:23)
    at performUnitOfWork (http://localhost:3001/_next/static/chunks/94473_next_dist_compiled_react-dom_19d38c6e._.js:9564:28)
    at workLoopConcurrentByScheduler (http://localhost:3001/_next/static/chunks/94473_next_dist_compiled_react-dom_19d38c6e._.js:9558:58)
    at renderRootConcurrent (http://localhost:3001/_next/static/chunks/94473_next_dist_compiled_react-dom_19d38c6e._.js:9541:71)
    at performWorkOnRoot (http://localhost:3001/_next/static/chunks/94473_next_dist_compiled_react-dom_19d38c6e._.js:9068:150)
    at performWorkOnRootViaSchedulerTask (http://localhost:3001/_next/static/chunks/94473_next_dist_compiled_react-dom_19d38c6e._.js:10230:9)
    at MessagePort.performWorkUntilDeadline (http://localhost:3001/_next/static/chunks/94473_next_dist_compiled_027236b5._.js:2647:64)
[  168031ms] [ERROR] Failed to load resource: the server responded with a status of 500 (Internal Server Error) @ http://studio.localhost:3000/:0
[  168494ms] [ERROR] %c%s%c Only plain objects can be passed to Client Components from Server Components. Classes or other objects with methods are not supported.%s background: #e6e6e6;background: light-dark(rgba(0,0,0,0.1), rgba(255,255,255,0.25));color: #000000;color: light-dark(#000000, #ffffff);border-radius: 2px  Server   
  {id: "1", title: ..., description: ..., timestamp: ..., icon: {$$typeof: ..., render: ...}, variant: ...}
                                                                ^^^^^^^^^^^^^^^^^^^^^^^^^^^^ @ http://studio.localhost:3000/_next/static/chunks/94473_next_dist_5e9d9b1f._.js:3127
[  168496ms] [ERROR] %c%s%c Only plain objects can be passed to Client Components from Server Components. Classes or other objects with methods are not supported.%s background: #e6e6e6;background: light-dark(rgba(0,0,0,0.1), rgba(255,255,255,0.25));color: #000000;color: light-dark(#000000, #ffffff);border-radius: 2px  Server   
  {id: "2", title: ..., description: ..., timestamp: ..., icon: {$$typeof: ..., render: ...}, variant: ...}
                                                                ^^^^^^^^^^^^^^^^^^^^^^^^^^^^ @ http://studio.localhost:3000/_next/static/chunks/94473_next_dist_5e9d9b1f._.js:3127
[  168497ms] [ERROR] %c%s%c Only plain objects can be passed to Client Components from Server Components. Classes or other objects with methods are not supported.%s background: #e6e6e6;background: light-dark(rgba(0,0,0,0.1), rgba(255,255,255,0.25));color: #000000;color: light-dark(#000000, #ffffff);border-radius: 2px  Server   
  {id: "3", title: ..., description: ..., timestamp: ..., icon: {$$typeof: ..., render: ...}, variant: ...}
                                                                ^^^^^^^^^^^^^^^^^^^^^^^^^^^^ @ http://studio.localhost:3000/_next/static/chunks/94473_next_dist_5e9d9b1f._.js:3127
[  168498ms] [ERROR] %c%s%c Only plain objects can be passed to Client Components from Server Components. Classes or other objects with methods are not supported.%s background: #e6e6e6;background: light-dark(rgba(0,0,0,0.1), rgba(255,255,255,0.25));color: #000000;color: light-dark(#000000, #ffffff);border-radius: 2px  Server   
  {id: "4", title: ..., description: ..., timestamp: ..., icon: {$$typeof: ..., render: ...}, variant: ...}
                                                                ^^^^^^^^^^^^^^^^^^^^^^^^^^^^ @ http://studio.localhost:3000/_next/static/chunks/94473_next_dist_5e9d9b1f._.js:3127
[  168628ms] Error: Functions cannot be passed directly to Client Components unless you explicitly expose it by marking it with "use server". Or maybe you meant to call this function rather than return it.
  {$$typeof: ..., render: function CircleAlert}
                          ^^^^^^^^^^^^^^^^^^^^
    at stringify (<anonymous>:1:18)
    at resolveErrorDev (http://studio.localhost:3000/_next/static/chunks/94473_next_dist_compiled_react-server-dom-turbopack_8791dc96._.js:1894:148)
    at processFullStringRow (http://studio.localhost:3000/_next/static/chunks/94473_next_dist_compiled_react-server-dom-turbopack_8791dc96._.js:2402:29)
    at processFullBinaryRow (http://studio.localhost:3000/_next/static/chunks/94473_next_dist_compiled_react-server-dom-turbopack_8791dc96._.js:2361:9)
    at processBinaryChunk (http://studio.localhost:3000/_next/static/chunks/94473_next_dist_compiled_react-server-dom-turbopack_8791dc96._.js:2470:221)
    at progress (http://studio.localhost:3000/_next/static/chunks/94473_next_dist_compiled_react-server-dom-turbopack_8791dc96._.js:2640:13)
