[    6107ms] [ERROR] Failed to load resource: the server responded with a status of 500 (Internal Server Error) @ http://localhost:3001/tenants/new:0
[    7131ms] Error: ./Downloads/MaatWork/apps/studio/app/tenants/actions.ts:12:10
Ecmascript file had an error
  10 | import { z } from "zod";
  11 | import { founderActionClient } from "@maatwork/auth/safe-action";
> 12 | import { db } from "@maatwork/database";
     |          ^^
  13 | import { tenants, users, pricing_plans, tenant_subscriptions, activity_logs } from "@maatwork/database/schema";
  14 | import { redirect } from "next/navigation";
  15 | import { revalidatePath } from "next/cache";

the name `db` is defined multiple times


    at <unknown> (Error: ./Downloads/MaatWork/apps/studio/app/tenants/actions.ts:12:10)
    at Object.getCompilationErrors (file:///Users/prueba/Downloads/MaatWork/node_modules/.pnpm/next@16.1.6_@babel+core@7.29.0_react-dom@19.2.4_react@19.2.4__react@19.2.4/node_modules/next/dist/server/dev/hot-reloader-turbopack.js:1008:59)
    at DevBundlerService.getCompilationError (file:///Users/prueba/Downloads/MaatWork/node_modules/.pnpm/next@16.1.6_@babel+core@7.29.0_react-dom@19.2.4_react@19.2.4__react@19.2.4/node_modules/next/dist/server/lib/dev-bundler-service.js:44:55)
    at DevServer.getCompilationError (file:///Users/prueba/Downloads/MaatWork/node_modules/.pnpm/next@16.1.6_@babel+core@7.29.0_react-dom@19.2.4_react@19.2.4__react@19.2.4/node_modules/next/dist/server/dev/next-dev-server.js:706:42)
    at DevServer.findPageComponents (file:///Users/prueba/Downloads/MaatWork/node_modules/.pnpm/next@16.1.6_@babel+core@7.29.0_react-dom@19.2.4_react@19.2.4__react@19.2.4/node_modules/next/dist/server/dev/next-dev-server.js:676:43)
    at async DevServer.renderErrorToResponseImpl (file:///Users/prueba/Downloads/MaatWork/node_modules/.pnpm/next@16.1.6_@babel+core@7.29.0_react-dom@19.2.4_react@19.2.4__react@19.2.4/node_modules/next/dist/server/base-server.js:1733:26)
[    7260ms] [ERROR] ./Downloads/MaatWork/apps/studio/app/tenants/actions.ts:12:10
Ecmascript file had an error
  10 | import { z } from "zod";
  11 | import { founderActionClient } from "@maatwork/auth/safe-action";
> 12 | import { db } from "@maatwork/database";
     |          ^^
  13 | import { tenants, users, pricing_plans, tenant_subscriptions, activity_logs } from "@maatwork/database/schema";
  14 | import { redirect } from "next/navigation";
  15 | import { revalidatePath } from "next/cache";

the name `db` is defined multiple times @ http://localhost:3001/_next/static/chunks/94473_next_dist_663ae2c4._.js:1920
[    7266ms] [ERROR] ./Downloads/MaatWork/apps/studio/app/tenants/actions.ts:11:10
Ecmascript file had an error
   9 |
  10 | import { z } from "zod";
> 11 | import { founderActionClient } from "@maatwork/auth/safe-action";
     |          ^^^^^^^^^^^^^^^^^^^
  12 | import { db } from "@maatwork/database";
  13 | import { tenants, users, pricing_plans, tenant_subscriptions, activity_logs } from "@maatwork/database/schema";
  14 | import { redirect } from "next/navigation";

the name `founderActionClient` is defined multiple times @ http://localhost:3001/_next/static/chunks/94473_next_dist_663ae2c4._.js:1920
[    7267ms] [ERROR] ./Downloads/MaatWork/apps/studio/app/tenants/actions.ts:14:10
Ecmascript file had an error
  12 | import { db } from "@maatwork/database";
  13 | import { tenants, users, pricing_plans, tenant_subscriptions, activity_logs } from "@maatwork/database/schema";
> 14 | import { redirect } from "next/navigation";
     |          ^^^^^^^^
  15 | import { revalidatePath } from "next/cache";
  16 |
  17 | const createTenantSchema = z.object({

the name `redirect` is defined multiple times @ http://localhost:3001/_next/static/chunks/94473_next_dist_663ae2c4._.js:1920
[    7272ms] [ERROR] ./Downloads/MaatWork/apps/studio/app/tenants/actions.ts:15:10
Ecmascript file had an error
  13 | import { tenants, users, pricing_plans, tenant_subscriptions, activity_logs } from "@maatwork/database/schema";
  14 | import { redirect } from "next/navigation";
> 15 | import { revalidatePath } from "next/cache";
     |          ^^^^^^^^^^^^^^
  16 |
  17 | const createTenantSchema = z.object({
  18 |   name: z.string().min(2, "Nombre muy corto"),

the name `revalidatePath` is defined multiple times @ http://localhost:3001/_next/static/chunks/94473_next_dist_663ae2c4._.js:1920
[    7272ms] [ERROR] ./Downloads/MaatWork/apps/studio/app/tenants/actions.ts:13:10
Ecmascript file had an error
  11 | import { founderActionClient } from "@maatwork/auth/safe-action";
  12 | import { db } from "@maatwork/database";
> 13 | import { tenants, users, pricing_plans, tenant_subscriptions, activity_logs } from "@maatwork/database/schema";
     |          ^^^^^^^
  14 | import { redirect } from "next/navigation";
  15 | import { revalidatePath } from "next/cache";
  16 |

the name `tenants` is defined multiple times @ http://localhost:3001/_next/static/chunks/94473_next_dist_663ae2c4._.js:1920
[    7272ms] [ERROR] ./Downloads/MaatWork/apps/studio/app/tenants/actions.ts:10:10
Ecmascript file had an error
   8 | import { revalidatePath } from "next/cache";
   9 |
> 10 | import { z } from "zod";
     |          ^
  11 | import { founderActionClient } from "@maatwork/auth/safe-action";
  12 | import { db } from "@maatwork/database";
  13 | import { tenants, users, pricing_plans, tenant_subscriptions, activity_logs } from "@maatwork/database/schema";

the name `z` is defined multiple times @ http://localhost:3001/_next/static/chunks/94473_next_dist_663ae2c4._.js:1920
[    7275ms] [ERROR] ./Downloads/MaatWork/apps/studio/app/tenants/actions.ts:12:10
Ecmascript file had an error
  10 | import { z } from "zod";
  11 | import { founderActionClient } from "@maatwork/auth/safe-action";
> 12 | import { db } from "@maatwork/database";
     |          ^^
  13 | import { tenants, users, pricing_plans, tenant_subscriptions, activity_logs } from "@maatwork/database/schema";
  14 | import { redirect } from "next/navigation";
  15 | import { revalidatePath } from "next/cache";

the name `db` is defined multiple times @ http://localhost:3001/_next/static/chunks/94473_next_dist_663ae2c4._.js:1920
[    7276ms] [ERROR] ./Downloads/MaatWork/apps/studio/app/tenants/actions.ts:11:10
Ecmascript file had an error
   9 |
  10 | import { z } from "zod";
> 11 | import { founderActionClient } from "@maatwork/auth/safe-action";
     |          ^^^^^^^^^^^^^^^^^^^
  12 | import { db } from "@maatwork/database";
  13 | import { tenants, users, pricing_plans, tenant_subscriptions, activity_logs } from "@maatwork/database/schema";
  14 | import { redirect } from "next/navigation";

the name `founderActionClient` is defined multiple times @ http://localhost:3001/_next/static/chunks/94473_next_dist_663ae2c4._.js:1920
[    7276ms] [ERROR] ./Downloads/MaatWork/apps/studio/app/tenants/actions.ts:14:10
Ecmascript file had an error
  12 | import { db } from "@maatwork/database";
  13 | import { tenants, users, pricing_plans, tenant_subscriptions, activity_logs } from "@maatwork/database/schema";
> 14 | import { redirect } from "next/navigation";
     |          ^^^^^^^^
  15 | import { revalidatePath } from "next/cache";
  16 |
  17 | const createTenantSchema = z.object({

the name `redirect` is defined multiple times @ http://localhost:3001/_next/static/chunks/94473_next_dist_663ae2c4._.js:1920
[    7277ms] [ERROR] ./Downloads/MaatWork/apps/studio/app/tenants/actions.ts:15:10
Ecmascript file had an error
  13 | import { tenants, users, pricing_plans, tenant_subscriptions, activity_logs } from "@maatwork/database/schema";
  14 | import { redirect } from "next/navigation";
> 15 | import { revalidatePath } from "next/cache";
     |          ^^^^^^^^^^^^^^
  16 |
  17 | const createTenantSchema = z.object({
  18 |   name: z.string().min(2, "Nombre muy corto"),

the name `revalidatePath` is defined multiple times @ http://localhost:3001/_next/static/chunks/94473_next_dist_663ae2c4._.js:1920
[    7301ms] [ERROR] ./Downloads/MaatWork/apps/studio/app/tenants/actions.ts:13:10
Ecmascript file had an error
  11 | import { founderActionClient } from "@maatwork/auth/safe-action";
  12 | import { db } from "@maatwork/database";
> 13 | import { tenants, users, pricing_plans, tenant_subscriptions, activity_logs } from "@maatwork/database/schema";
     |          ^^^^^^^
  14 | import { redirect } from "next/navigation";
  15 | import { revalidatePath } from "next/cache";
  16 |

the name `tenants` is defined multiple times @ http://localhost:3001/_next/static/chunks/94473_next_dist_663ae2c4._.js:1920
[    7303ms] [ERROR] ./Downloads/MaatWork/apps/studio/app/tenants/actions.ts:10:10
Ecmascript file had an error
   8 | import { revalidatePath } from "next/cache";
   9 |
> 10 | import { z } from "zod";
     |          ^
  11 | import { founderActionClient } from "@maatwork/auth/safe-action";
  12 | import { db } from "@maatwork/database";
  13 | import { tenants, users, pricing_plans, tenant_subscriptions, activity_logs } from "@maatwork/database/schema";

the name `z` is defined multiple times @ http://localhost:3001/_next/static/chunks/94473_next_dist_663ae2c4._.js:1920
