[    3127ms] [ERROR] Failed to load resource: the server responded with a status of 500 (Internal Server Error) @ http://localhost:3001/tenants:0
[    3631ms] ReferenceError: BarChart3 is not defined
    at module evaluation (http://localhost:3001/_next/static/chunks/Downloads_MaatWork_8494ef1f._.js:2756:15)
    at http://localhost:3001/_next/static/chunks/turbopack-Downloads_MaatWork_apps_studio_019bf04a._.js:879:13
    at runModuleExecutionHooks (http://localhost:3001/_next/static/chunks/turbopack-Downloads_MaatWork_apps_studio_019bf04a._.js:904:13)
    at instantiateModule (http://localhost:3001/_next/static/chunks/turbopack-Downloads_MaatWork_apps_studio_019bf04a._.js:877:9)
    at getOrInstantiateModuleFromParent (http://localhost:3001/_next/static/chunks/turbopack-Downloads_MaatWork_apps_studio_019bf04a._.js:830:12)
    at DevContext.commonJsRequire [as r] (http://localhost:3001/_next/static/chunks/turbopack-Downloads_MaatWork_apps_studio_019bf04a._.js:259:12)
    at requireModule (http://localhost:3001/_next/static/chunks/94473_next_dist_compiled_react-server-dom-turbopack_8791dc96._.js:85:84)
    at initializeModuleChunk (http://localhost:3001/_next/static/chunks/94473_next_dist_compiled_react-server-dom-turbopack_8791dc96._.js:1089:25)
    at resolveModuleChunk (http://localhost:3001/_next/static/chunks/94473_next_dist_compiled_react-server-dom-turbopack_8791dc96._.js:1013:43)
    at http://localhost:3001/_next/static/chunks/94473_next_dist_compiled_react-server-dom-turbopack_8791dc96._.js:1735:24
[    6239ms] [ERROR] Failed to load resource: the server responded with a status of 500 (Internal Server Error) @ http://localhost:3001/favicon.ico:0
[    9249ms] [WARNING] The resource http://localhost:3001/_next/static/chunks/Downloads_MaatWork_apps_studio_app_globals_520f2214.css was preloaded using link preload but not used within a few seconds from the window's load event. Please make sure it has an appropriate `as` value and it is preloaded intentionally. @ http://localhost:3001/tenants:0
[   41032ms] [WARNING] [Fast Refresh] performing full reload

Fast Refresh will perform a full reload when you edit a file that's imported by modules outside of the React rendering tree.
You might have a file which exports a React component but also exports a value that is imported by a non-React component file.
Consider migrating the non-React component export to a separate file and importing it into both files.

It is also possible the parent component of the component you edited is a class component, which disables Fast Refresh.
Fast Refresh requires at least one parent function component in your React tree. @ http://localhost:3001/_next/static/chunks/94473_next_dist_5e9d9b1f._.js:2297
[   41193ms] [WARNING] [Fast Refresh] performing full reload because your application had an unrecoverable error @ http://localhost:3001/_next/static/chunks/94473_next_dist_5e9d9b1f._.js:2297
[   46487ms] [WARNING] The resource http://localhost:3001/_next/static/chunks/Downloads_MaatWork_apps_studio_app_globals_520f2214.css was preloaded using link preload but not used within a few seconds from the window's load event. Please make sure it has an appropriate `as` value and it is preloaded intentionally. @ http://localhost:3001/tenants:0
